#
# There is insufficient memory for the Java Runtime Environment to continue.
# Native memory allocation (mmap) failed to map 57671680 bytes for committing reserved memory.
# Possible reasons:
#   The system is out of physical RAM or swap space
#   In 32 bit mode, the process size limit was hit
# Possible solutions:
#   Reduce memory load on the system
#   Increase physical memory or swap space
#   Check if swap backing store is full
#   Use 64 bit Java on a 64 bit OS
#   Decrease Java heap size (-Xmx/-Xms)
#   Decrease number of Java threads
#   Decrease Java thread stack sizes (-Xss)
#   Set larger code cache with -XX:ReservedCodeCacheSize=
# This output file may be truncated or incomplete.
#
#  Out of Memory Error (os_linux.cpp:2640), pid=25721, tid=0x00007f6b40651700
#
# JRE version: OpenJDK Runtime Environment (8.0_152-b06) (build 1.8.0_152-release-1136-b06)
# Java VM: OpenJDK 64-Bit Server VM (25.152-b06 mixed mode linux-amd64 compressed oops)
# Failed to write core dump. Core dumps have been disabled. To enable core dumping, try "ulimit -c unlimited" before starting Java again
#

---------------  T H R E A D  ---------------

Current thread (0x00007f6b50079000):  VMThread [stack: 0x00007f6b40552000,0x00007f6b40652000] [id=25729]

Stack: [0x00007f6b40552000,0x00007f6b40652000],  sp=0x00007f6b40650520,  free space=1017k
Native frames: (J=compiled Java code, j=interpreted, Vv=VM code, C=native code)
V  [libjvm.so+0xa70d3f]  VMError::report_and_die()+0x2af
V  [libjvm.so+0x4c7207]  report_vm_out_of_memory(char const*, int, unsigned long, VMErrorType, char const*)+0x67
V  [libjvm.so+0x8b5b70]  os::pd_commit_memory(char*, unsigned long, unsigned long, bool)+0x100
V  [libjvm.so+0x8b078f]  os::commit_memory(char*, unsigned long, unsigned long, bool)+0x1f
V  [libjvm.so+0x92e446]  PSVirtualSpace::expand_by(unsigned long)+0x56
V  [libjvm.so+0x92f6d8]  PSYoungGen::resize(unsigned long, unsigned long)+0xd8
V  [libjvm.so+0x92be66]  PSScavenge::invoke_no_policy()+0x1356
V  [libjvm.so+0x92c20c]  PSScavenge::invoke()+0x4c
V  [libjvm.so+0x8dbda8]  ParallelScavengeHeap::failed_mem_allocate(unsigned long)+0x68
V  [libjvm.so+0xa72873]  VM_ParallelGCFailedAllocation::doit()+0x93
V  [libjvm.so+0xa778a6]  VM_Operation::evaluate()+0x46
V  [libjvm.so+0xa75102]  VMThread::evaluate_operation(VM_Operation*) [clone .constprop.31]+0xa2
V  [libjvm.so+0xa7652b]  VMThread::loop()+0x37b
V  [libjvm.so+0xa768d8]  VMThread::run()+0x78
V  [libjvm.so+0x8b3332]  java_start(Thread*)+0x102

VM_Operation (0x00007f6ac2396ce0): ParallelGCFailedAllocation, mode: safepoint, requested by thread 0x00007f6af1246000


---------------  P R O C E S S  ---------------

Java Threads: ( => current thread )
  0x00007f6af1246000 JavaThread "Task worker for ':' Thread 3" [_thread_blocked, id=25792, stack(0x00007f6ac229a000,0x00007f6ac239b000)]
  0x00007f6af1391000 JavaThread "Task worker for ':' Thread 2" [_thread_blocked, id=25791, stack(0x00007f6ac239b000,0x00007f6ac249c000)]
  0x00007f6af0903000 JavaThread "Task worker for ':'" [_thread_blocked, id=25790, stack(0x00007f6ac249c000,0x00007f6ac259d000)]
  0x00007f6af124c800 JavaThread "Cache worker for task history cache (/home/karim/AndroidStudioProjects/AAgar/.gradle/4.1/taskHistory)" [_thread_blocked, id=25789, stack(0x00007f6b30078000,0x00007f6b30179000)]
  0x00007f6af14a4800 JavaThread "build operations Thread 4" [_thread_blocked, id=25786, stack(0x00007f6b334ef000,0x00007f6b335f0000)]
  0x00007f6af14a4000 JavaThread "build operations Thread 3" [_thread_blocked, id=25785, stack(0x00007f6b320d8000,0x00007f6b321d9000)]
  0x00007f6af1520800 JavaThread "build operations Thread 2" [_thread_blocked, id=25784, stack(0x00007f6b31866000,0x00007f6b31967000)]
  0x00007f6af10f4000 JavaThread "build operations" [_thread_blocked, id=25783, stack(0x00007f6b31664000,0x00007f6b31765000)]
  0x00007f6af01e7800 JavaThread "Cache worker for Artifact transforms cache (/home/karim/.gradle/caches/transforms-1)" [_thread_blocked, id=25780, stack(0x00007f6b31967000,0x00007f6b31a68000)]
  0x00007f6af0632000 JavaThread "Cache worker for file hash cache (/home/karim/AndroidStudioProjects/AAgar/.gradle/4.1/fileHashes)" [_thread_blocked, id=25777, stack(0x00007f6b31765000,0x00007f6b31866000)]
  0x00007f6af0011800 JavaThread "Stdin handler" [_thread_blocked, id=25776, stack(0x00007f6b32fec000,0x00007f6b330ed000)]
  0x00007f6af01b7800 JavaThread "Asynchronous log dispatcher for DefaultDaemonConnection: socket connection from /127.0.0.1:33955 to /127.0.0.1:32786" [_thread_blocked, id=25775, stack(0x00007f6b335f0000,0x00007f6b336f1000)]
  0x00007f6af4008800 JavaThread "Cancel handler" [_thread_blocked, id=25774, stack(0x00007f6b337f2000,0x00007f6b338f3000)]
  0x00007f6af4004000 JavaThread "Handler for socket connection from /127.0.0.1:33955 to /127.0.0.1:32786" [_thread_in_native, id=25773, stack(0x00007f6b338f3000,0x00007f6b339f4000)]
  0x00007f6af0f3b000 JavaThread "Memory manager" [_thread_blocked, id=25758, stack(0x00007f6b30999000,0x00007f6b30a9a000)]
  0x00007f6af0140800 JavaThread "File lock request listener" [_thread_in_native, id=25750, stack(0x00007f6b330ed000,0x00007f6b331ee000)]
  0x00007f6af0145000 JavaThread "Cache worker for file hash cache (/home/karim/.gradle/caches/4.1/fileHashes)" [_thread_blocked, id=25749, stack(0x00007f6b331ee000,0x00007f6b332ef000)]
  0x00007f6af400a800 JavaThread "Daemon worker" [_thread_blocked, id=25744, stack(0x00007f6b336f1000,0x00007f6b337f2000)]
  0x00007f6afc038000 JavaThread "Daemon" [_thread_blocked, id=25741, stack(0x00007f6b339f4000,0x00007f6b33af5000)]
  0x00007f6b50c9d000 JavaThread "Daemon periodic checks" [_thread_blocked, id=25740, stack(0x00007f6b33af5000,0x00007f6b33bf6000)]
  0x00007f6b50c77800 JavaThread "Incoming local TCP Connector on port 33955" [_thread_in_native, id=25739, stack(0x00007f6b380aa000,0x00007f6b381ab000)]
  0x00007f6b500db800 JavaThread "Service Thread" daemon [_thread_blocked, id=25736, stack(0x00007f6b39418000,0x00007f6b39519000)]
  0x00007f6b500be000 JavaThread "C1 CompilerThread2" daemon [_thread_blocked, id=25735, stack(0x00007f6b3951a000,0x00007f6b3961a000)]
  0x00007f6b500bc800 JavaThread "C2 CompilerThread1" daemon [_thread_blocked, id=25734, stack(0x00007f6b4004d000,0x00007f6b4014d000)]
  0x00007f6b500b9800 JavaThread "C2 CompilerThread0" daemon [_thread_blocked, id=25733, stack(0x00007f6b4014e000,0x00007f6b4024e000)]
  0x00007f6b500b8000 JavaThread "Signal Dispatcher" daemon [_thread_blocked, id=25732, stack(0x00007f6b4024e000,0x00007f6b4034f000)]
  0x00007f6b50085000 JavaThread "Finalizer" daemon [_thread_blocked, id=25731, stack(0x00007f6b4034f000,0x00007f6b40450000)]
  0x00007f6b50080800 JavaThread "Reference Handler" daemon [_thread_blocked, id=25730, stack(0x00007f6b40450000,0x00007f6b40551000)]
  0x00007f6b5000b800 JavaThread "main" [_thread_blocked, id=25724, stack(0x00007f6b58c5e000,0x00007f6b58d5e000)]

Other Threads:
=>0x00007f6b50079000 VMThread [stack: 0x00007f6b40552000,0x00007f6b40652000] [id=25729]
  0x00007f6b500de000 WatcherThread [stack: 0x00007f6b39318000,0x00007f6b39418000] [id=25737]

VM state:at safepoint (normal execution)

VM Mutex/Monitor currently owned by a thread:  ([mutex/lock_event])
[0x00007f6b50007d00] Threads_lock - owner thread: 0x00007f6b50079000
[0x00007f6b50008200] Heap_lock - owner thread: 0x00007f6af1246000

Heap:
 PSYoungGen      total 162816K, used 13808K [0x00000000eab00000, 0x00000000f5900000, 0x0000000100000000)
  eden space 148992K, 0% used [0x00000000eab00000,0x00000000eab00000,0x00000000f3c80000)
  from space 13824K, 99% used [0x00000000f3c80000,0x00000000f49fc030,0x00000000f4a00000)
  to   space 12800K, 0% used [0x00000000f4a00000,0x00000000f4a00000,0x00000000f5680000)
 ParOldGen       total 91136K, used 76708K [0x00000000c0000000, 0x00000000c5900000, 0x00000000eab00000)
  object space 91136K, 84% used [0x00000000c0000000,0x00000000c4ae9058,0x00000000c5900000)
 Metaspace       used 68434K, capacity 71096K, committed 71316K, reserved 1112064K
  class space    used 8994K, capacity 9650K, committed 9660K, reserved 1048576K

Card table byte_map: [0x00007f6b557c6000,0x00007f6b559c7000] byte_map_base: 0x00007f6b551c6000

Marking Bits: (ParMarkBitMap*) 0x00007f6b58108160
 Begin Bits: [0x00007f6b3a000000, 0x00007f6b3b000000)
 End Bits:   [0x00007f6b3b000000, 0x00007f6b3c000000)

Polling page: 0x00007f6b58d77000

CodeCache: size=245760Kb used=31474Kb max_used=31474Kb free=214285Kb
 bounds [0x00007f6b41000000, 0x00007f6b42ef0000, 0x00007f6b50000000]
 total_blobs=10051 nmethods=9235 adapters=729
 compilation: enabled

Compilation events (10 events):
Event: 155.906 Thread 0x00007f6b500bc800 nmethod 10889% 0x00007f6b42ee7890 code [0x00007f6b42ee7a40, 0x00007f6b42ee8638]
Event: 155.909 Thread 0x00007f6b500be000 10894       3       com.sun.org.apache.xerces.internal.impl.XMLVersionDetector::startDocumentParsing (68 bytes)
Event: 155.909 Thread 0x00007f6b500be000 nmethod 10894 0x00007f6b42ee6f90 code [0x00007f6b42ee7160, 0x00007f6b42ee7638]
Event: 155.909 Thread 0x00007f6b500be000 10895       3       com.sun.org.apache.xerces.internal.impl.XMLDocumentScannerImpl::startEntity (101 bytes)
Event: 155.931 Thread 0x00007f6b500be000 nmethod 10895 0x00007f6b42ee5390 code [0x00007f6b42ee5600, 0x00007f6b42ee67c8]
Event: 155.931 Thread 0x00007f6b500be000 10896       3       com.sun.org.apache.xerces.internal.impl.XMLDocumentFragmentScannerImpl::startEntity (137 bytes)
Event: 155.933 Thread 0x00007f6b500be000 nmethod 10896 0x00007f6b42ee8d50 code [0x00007f6b42ee8f80, 0x00007f6b42ee9d78]
Event: 155.933 Thread 0x00007f6b500be000 10900       3       com.sun.org.apache.xerces.internal.utils.XMLSecurityManager::debugPrint (18 bytes)
Event: 155.933 Thread 0x00007f6b500be000 nmethod 10900 0x00007f6b42ee4dd0 code [0x00007f6b42ee4f60, 0x00007f6b42ee5278]
Event: 155.933 Thread 0x00007f6b500be000 10899   !   3       com.sun.org.apache.xerces.internal.impl.XMLDocumentScannerImpl$TrailingMiscDriver::next (657 bytes)

GC Heap History (10 events):
Event: 62.052 GC heap after
Heap after GC invocations=27 (full 3):
 PSYoungGen      total 105472K, used 0K [0x00000000eab00000, 0x00000000f1f80000, 0x0000000100000000)
  eden space 93184K, 0% used [0x00000000eab00000,0x00000000eab00000,0x00000000f0600000)
  from space 12288K, 0% used [0x00000000f1200000,0x00000000f1200000,0x00000000f1e00000)
  to   space 12288K, 0% used [0x00000000f0600000,0x00000000f0600000,0x00000000f1200000)
 ParOldGen       total 91136K, used 44008K [0x00000000c0000000, 0x00000000c5900000, 0x00000000eab00000)
  object space 91136K, 48% used [0x00000000c0000000,0x00000000c2afa220,0x00000000c5900000)
 Metaspace       used 57132K, capacity 58942K, committed 59028K, reserved 1099776K
  class space    used 7821K, capacity 8336K, committed 8380K, reserved 1048576K
}
Event: 79.882 GC heap before
{Heap before GC invocations=28 (full 3):
 PSYoungGen      total 105472K, used 93184K [0x00000000eab00000, 0x00000000f1f80000, 0x0000000100000000)
  eden space 93184K, 100% used [0x00000000eab00000,0x00000000f0600000,0x00000000f0600000)
  from space 12288K, 0% used [0x00000000f1200000,0x00000000f1200000,0x00000000f1e00000)
  to   space 12288K, 0% used [0x00000000f0600000,0x00000000f0600000,0x00000000f1200000)
 ParOldGen       total 91136K, used 44008K [0x00000000c0000000, 0x00000000c5900000, 0x00000000eab00000)
  object space 91136K, 48% used [0x00000000c0000000,0x00000000c2afa220,0x00000000c5900000)
 Metaspace       used 61382K, capacity 63438K, committed 63636K, reserved 1103872K
  class space    used 8306K, capacity 8879K, committed 8892K, reserved 1048576K
Event: 79.895 GC heap after
Heap after GC invocations=28 (full 3):
 PSYoungGen      total 105472K, used 9598K [0x00000000eab00000, 0x00000000f3980000, 0x0000000100000000)
  eden space 93184K, 0% used [0x00000000eab00000,0x00000000eab00000,0x00000000f0600000)
  from space 12288K, 78% used [0x00000000f0600000,0x00000000f0f5f978,0x00000000f1200000)
  to   space 13312K, 0% used [0x00000000f2c80000,0x00000000f2c80000,0x00000000f3980000)
 ParOldGen       total 91136K, used 44039K [0x00000000c0000000, 0x00000000c5900000, 0x00000000eab00000)
  object space 91136K, 48% used [0x00000000c0000000,0x00000000c2b01e80,0x00000000c5900000)
 Metaspace       used 61382K, capacity 63438K, committed 63636K, reserved 1103872K
  class space    used 8306K, capacity 8879K, committed 8892K, reserved 1048576K
}
Event: 88.219 GC heap before
{Heap before GC invocations=29 (full 3):
 PSYoungGen      total 105472K, used 102782K [0x00000000eab00000, 0x00000000f3980000, 0x0000000100000000)
  eden space 93184K, 100% used [0x00000000eab00000,0x00000000f0600000,0x00000000f0600000)
  from space 12288K, 78% used [0x00000000f0600000,0x00000000f0f5f978,0x00000000f1200000)
  to   space 13312K, 0% used [0x00000000f2c80000,0x00000000f2c80000,0x00000000f3980000)
 ParOldGen       total 91136K, used 44039K [0x00000000c0000000, 0x00000000c5900000, 0x00000000eab00000)
  object space 91136K, 48% used [0x00000000c0000000,0x00000000c2b01e80,0x00000000c5900000)
 Metaspace       used 61921K, capacity 63978K, committed 64276K, reserved 1103872K
  class space    used 8343K, capacity 8921K, committed 9020K, reserved 1048576K
Event: 88.237 GC heap after
Heap after GC invocations=29 (full 3):
 PSYoungGen      total 130560K, used 3073K [0x00000000eab00000, 0x00000000f3800000, 0x0000000100000000)
  eden space 118784K, 0% used [0x00000000eab00000,0x00000000eab00000,0x00000000f1f00000)
  from space 11776K, 26% used [0x00000000f2c80000,0x00000000f2f80470,0x00000000f3800000)
  to   space 12800K, 0% used [0x00000000f1f00000,0x00000000f1f00000,0x00000000f2b80000)
 ParOldGen       total 91136K, used 51654K [0x00000000c0000000, 0x00000000c5900000, 0x00000000eab00000)
  object space 91136K, 56% used [0x00000000c0000000,0x00000000c3271820,0x00000000c5900000)
 Metaspace       used 61921K, capacity 63978K, committed 64276K, reserved 1103872K
  class space    used 8343K, capacity 8921K, committed 9020K, reserved 1048576K
}
Event: 109.227 GC heap before
{Heap before GC invocations=30 (full 3):
 PSYoungGen      total 130560K, used 121857K [0x00000000eab00000, 0x00000000f3800000, 0x0000000100000000)
  eden space 118784K, 100% used [0x00000000eab00000,0x00000000f1f00000,0x00000000f1f00000)
  from space 11776K, 26% used [0x00000000f2c80000,0x00000000f2f80470,0x00000000f3800000)
  to   space 12800K, 0% used [0x00000000f1f00000,0x00000000f1f00000,0x00000000f2b80000)
 ParOldGen       total 91136K, used 51654K [0x00000000c0000000, 0x00000000c5900000, 0x00000000eab00000)
  object space 91136K, 56% used [0x00000000c0000000,0x00000000c3271820,0x00000000c5900000)
 Metaspace       used 65927K, capacity 68562K, committed 68756K, reserved 1107968K
  class space    used 8716K, capacity 9391K, committed 9404K, reserved 1048576K
Event: 109.242 GC heap after
Heap after GC invocations=30 (full 3):
 PSYoungGen      total 131584K, used 6784K [0x00000000eab00000, 0x00000000f5680000, 0x0000000100000000)
  eden space 118784K, 0% used [0x00000000eab00000,0x00000000eab00000,0x00000000f1f00000)
  from space 12800K, 53% used [0x00000000f1f00000,0x00000000f25a0140,0x00000000f2b80000)
  to   space 12800K, 0% used [0x00000000f4a00000,0x00000000f4a00000,0x00000000f5680000)
 ParOldGen       total 91136K, used 53686K [0x00000000c0000000, 0x00000000c5900000, 0x00000000eab00000)
  object space 91136K, 58% used [0x00000000c0000000,0x00000000c346d890,0x00000000c5900000)
 Metaspace       used 65927K, capacity 68562K, committed 68756K, reserved 1107968K
  class space    used 8716K, capacity 9391K, committed 9404K, reserved 1048576K
}
Event: 135.074 GC heap before
{Heap before GC invocations=31 (full 3):
 PSYoungGen      total 131584K, used 125568K [0x00000000eab00000, 0x00000000f5680000, 0x0000000100000000)
  eden space 118784K, 100% used [0x00000000eab00000,0x00000000f1f00000,0x00000000f1f00000)
  from space 12800K, 53% used [0x00000000f1f00000,0x00000000f25a0140,0x00000000f2b80000)
  to   space 12800K, 0% used [0x00000000f4a00000,0x00000000f4a00000,0x00000000f5680000)
 ParOldGen       total 91136K, used 53686K [0x00000000c0000000, 0x00000000c5900000, 0x00000000eab00000)
  object space 91136K, 58% used [0x00000000c0000000,0x00000000c346d890,0x00000000c5900000)
 Metaspace       used 67130K, capacity 69824K, committed 70036K, reserved 1110016K
  class space    used 8880K, capacity 9550K, committed 9660K, reserved 1048576K
Event: 138.111 GC heap after
Heap after GC invocations=31 (full 3):
 PSYoungGen      total 161792K, used 10160K [0x00000000eab00000, 0x00000000f5900000, 0x0000000100000000)
  eden space 148992K, 0% used [0x00000000eab00000,0x00000000eab00000,0x00000000f3c80000)
  from space 12800K, 79% used [0x00000000f4a00000,0x00000000f53ec010,0x00000000f5680000)
  to   space 13824K, 0% used [0x00000000f3c80000,0x00000000f3c80000,0x00000000f4a00000)
 ParOldGen       total 91136K, used 57876K [0x00000000c0000000, 0x00000000c5900000, 0x00000000eab00000)
  object space 91136K, 63% used [0x00000000c0000000,0x00000000c3885168,0x00000000c5900000)
 Metaspace       used 67130K, capacity 69824K, committed 70036K, reserved 1110016K
  class space    used 8880K, capacity 9550K, committed 9660K, reserved 1048576K
}
Event: 155.935 GC heap before
{Heap before GC invocations=32 (full 3):
 PSYoungGen      total 161792K, used 159152K [0x00000000eab00000, 0x00000000f5900000, 0x0000000100000000)
  eden space 148992K, 100% used [0x00000000eab00000,0x00000000f3c80000,0x00000000f3c80000)
  from space 12800K, 79% used [0x00000000f4a00000,0x00000000f53ec010,0x00000000f5680000)
  to   space 13824K, 0% used [0x00000000f3c80000,0x00000000f3c80000,0x00000000f4a00000)
 ParOldGen       total 91136K, used 57876K [0x00000000c0000000, 0x00000000c5900000, 0x00000000eab00000)
  object space 91136K, 63% used [0x00000000c0000000,0x00000000c3885168,0x00000000c5900000)
 Metaspace       used 68434K, capacity 71096K, committed 71316K, reserved 1112064K
  class space    used 8994K, capacity 9650K, committed 9660K, reserved 1048576K

Deoptimization events (10 events):
Event: 141.715 Thread 0x00007f6af1246000 Uncommon trap: reason=class_check action=maybe_recompile pc=0x00007f6b42cd18f0 method=com.sun.org.apache.xerces.internal.dom.NamedNodeMapImpl.findNamePoint(Ljava/lang/String;Ljava/lang/String;)I @ 45
Event: 141.718 Thread 0x00007f6af1246000 Uncommon trap: reason=class_check action=maybe_recompile pc=0x00007f6b42cfe5ac method=com.android.ide.common.res2.ValueResourceParser2.getType(Lorg/w3c/dom/Node;Ljava/io/File;)Lcom/android/resources/ResourceType; @ 1
Event: 141.718 Thread 0x00007f6af1246000 Uncommon trap: reason=class_check action=maybe_recompile pc=0x00007f6b42cd18f0 method=com.sun.org.apache.xerces.internal.dom.NamedNodeMapImpl.findNamePoint(Ljava/lang/String;Ljava/lang/String;)I @ 45
Event: 142.555 Thread 0x00007f6af1246000 Uncommon trap: reason=unstable_if action=reinterpret pc=0x00007f6b4114e49c method=sun.nio.cs.UTF_8$Decoder.decode([BII[C)I @ 30
Event: 142.555 Thread 0x00007f6af1246000 Uncommon trap: reason=unstable_if action=reinterpret pc=0x00007f6b41ce0828 method=java.lang.StringCoding.safeTrim([CILjava/nio/charset/Charset;Z)[C @ 3
Event: 142.642 Thread 0x00007f6af1246000 Uncommon trap: reason=unstable_if action=reinterpret pc=0x00007f6b41ce3688 method=java.lang.StringCoding.safeTrim([CILjava/nio/charset/Charset;Z)[C @ 3
Event: 142.686 Thread 0x00007f6af1246000 Uncommon trap: reason=unstable_if action=reinterpret pc=0x00007f6b4135e604 method=java.lang.StringCoding.safeTrim([CILjava/nio/charset/Charset;Z)[C @ 3
Event: 143.081 Thread 0x00007f6af1246000 Uncommon trap: reason=null_check action=make_not_entrant pc=0x00007f6b42d4cda8 method=com.sun.org.apache.xerces.internal.dom.NamedNodeMapImpl.findNamePoint(Ljava/lang/String;Ljava/lang/String;)I @ 76
Event: 147.591 Thread 0x00007f6af1246000 Uncommon trap: reason=unstable_if action=reinterpret pc=0x00007f6b42ddc928 method=com.android.ide.common.res2.ValueResourceParser2.getType(Lorg/w3c/dom/Node;Ljava/io/File;)Lcom/android/resources/ResourceType; @ 59
Event: 147.592 Thread 0x00007f6af1246000 Uncommon trap: reason=unstable_if action=reinterpret pc=0x00007f6b42d77bdc method=com.sun.org.apache.xerces.internal.dom.NamedNodeMapImpl.findNamePoint(Ljava/lang/String;Ljava/lang/String;)I @ 4

Classes redefined (0 events):
No events

Internal exceptions (10 events):
Event: 134.227 Thread 0x00007f6af0f3b000 Exception <a 'java/io/IOException'> (0x00000000f17e9688) thrown at [/usr/local/google/home/ralucas/source/AOSP-openjdk-git/jdk8u/hotspot/src/share/vm/prims/jni.cpp, line 709]
Event: 139.227 Thread 0x00007f6af0f3b000 Exception <a 'java/io/IOException'> (0x00000000ec2f9658) thrown at [/usr/local/google/home/ralucas/source/AOSP-openjdk-git/jdk8u/hotspot/src/share/vm/prims/jni.cpp, line 709]
Event: 140.461 Thread 0x00007f6af1246000 Implicit null exception at 0x00007f6b42ae223d to 0x00007f6b42ae23dd
Event: 140.742 Thread 0x00007f6af1246000 Implicit null exception at 0x00007f6b4211003e to 0x00007f6b42110225
Event: 140.798 Thread 0x00007f6af1246000 Implicit null exception at 0x00007f6b41cd51f3 to 0x00007f6b41cd5281
Event: 143.081 Thread 0x00007f6af1246000 Implicit null exception at 0x00007f6b42d49327 to 0x00007f6b42d4cd69
Event: 144.227 Thread 0x00007f6af0f3b000 Exception <a 'java/io/IOException'> (0x00000000ec2fff30) thrown at [/usr/local/google/home/ralucas/source/AOSP-openjdk-git/jdk8u/hotspot/src/share/vm/prims/jni.cpp, line 709]
Event: 147.592 Thread 0x00007f6af1246000 Implicit null exception at 0x00007f6b42d76d5e to 0x00007f6b42d77bc1
Event: 149.227 Thread 0x00007f6af0f3b000 Exception <a 'java/io/IOException'> (0x00000000ef2c06d0) thrown at [/usr/local/google/home/ralucas/source/AOSP-openjdk-git/jdk8u/hotspot/src/share/vm/prims/jni.cpp, line 709]
Event: 154.538 Thread 0x00007f6af0f3b000 Exception <a 'java/io/IOException'> (0x00000000f2ab8cb8) thrown at [/usr/local/google/home/ralucas/source/AOSP-openjdk-git/jdk8u/hotspot/src/share/vm/prims/jni.cpp, line 709]

Events (10 events):
Event: 147.591 Thread 0x00007f6af1246000 DEOPT PACKING pc=0x00007f6b42ddc928 sp=0x00007f6ac23979b0
Event: 147.592 Thread 0x00007f6af1246000 DEOPT UNPACKING pc=0x00007f6b4104547a sp=0x00007f6ac2397950 mode 2
Event: 147.592 Thread 0x00007f6af1246000 Uncommon trap: trap_request=0xffffff65 fr.pc=0x00007f6b42d77bdc
Event: 147.592 Thread 0x00007f6af1246000 DEOPT PACKING pc=0x00007f6b42d77bdc sp=0x00007f6ac2397920
Event: 147.592 Thread 0x00007f6af1246000 DEOPT UNPACKING pc=0x00007f6b4104547a sp=0x00007f6ac2397878 mode 2
Event: 148.063 Thread 0x00007f6af1246000 DEOPT PACKING pc=0x00007f6b42d27600 sp=0x00007f6ac2397390
Event: 148.063 Thread 0x00007f6af1246000 DEOPT UNPACKING pc=0x00007f6b410474c4 sp=0x00007f6ac2397128 mode 0
Event: 148.073 Thread 0x00007f6af1246000 DEOPT PACKING pc=0x00007f6b42d1063a sp=0x00007f6ac23971b0
Event: 148.073 Thread 0x00007f6af1246000 DEOPT UNPACKING pc=0x00007f6b410474c4 sp=0x00007f6ac2397050 mode 0
Event: 155.934 Executing VM operation: ParallelGCFailedAllocation


Dynamic libraries:
c0000000-c5900000 rw-p 00000000 00:00 0 
c5900000-eab00000 ---p 00000000 00:00 0 
eab00000-f5900000 rw-p 00000000 00:00 0 
f9000000-100000000 ---p 00000000 00:00 0 
100000000-10096f000 rw-p 00000000 00:00 0 
10096f000-140000000 ---p 00000000 00:00 0 
557be7fa6000-557be7fa7000 r-xp 00000000 08:07 793197                     /home/karim/Downloads/android-studio/jre/bin/java
557be81a6000-557be81a7000 r--p 00000000 08:07 793197                     /home/karim/Downloads/android-studio/jre/bin/java
557be81a7000-557be81a8000 rw-p 00001000 08:07 793197                     /home/karim/Downloads/android-studio/jre/bin/java
557be932e000-557be93ed000 rw-p 00000000 00:00 0                          [heap]
7f6abc000000-7f6abc021000 rw-p 00000000 00:00 0 
7f6abc021000-7f6ac0000000 ---p 00000000 00:00 0 
7f6ac209a000-7f6ac20da000 rw-p 00000000 00:00 0 
7f6ac20da000-7f6ac229a000 ---p 00000000 00:00 0 
7f6ac229a000-7f6ac229d000 ---p 00000000 00:00 0 
7f6ac229d000-7f6ac239b000 rw-p 00000000 00:00 0 
7f6ac239b000-7f6ac239e000 ---p 00000000 00:00 0 
7f6ac239e000-7f6ac249c000 rw-p 00000000 00:00 0 
7f6ac249c000-7f6ac249f000 ---p 00000000 00:00 0 
7f6ac249f000-7f6ac279d000 rw-p 00000000 00:00 0 
7f6ac279d000-7f6ac299d000 rw-p 00000000 00:00 0 
7f6ac299d000-7f6ac2b9d000 rw-p 00000000 00:00 0 
7f6ac2b9d000-7f6ac2d9d000 rw-p 00000000 00:00 0 
7f6ac2d9d000-7f6ac2db4000 r-xp 00000000 08:07 923449                     /lib/x86_64-linux-gnu/libresolv-2.27.so
7f6ac2db4000-7f6ac2fb4000 ---p 00017000 08:07 923449                     /lib/x86_64-linux-gnu/libresolv-2.27.so
7f6ac2fb4000-7f6ac2fb5000 r--p 00017000 08:07 923449                     /lib/x86_64-linux-gnu/libresolv-2.27.so
7f6ac2fb5000-7f6ac2fb6000 rw-p 00018000 08:07 923449                     /lib/x86_64-linux-gnu/libresolv-2.27.so
7f6ac2fb6000-7f6ac2fb8000 rw-p 00000000 00:00 0 
7f6ac2fb8000-7f6ac2fbd000 r-xp 00000000 08:07 923398                     /lib/x86_64-linux-gnu/libnss_dns-2.27.so
7f6ac2fbd000-7f6ac31bd000 ---p 00005000 08:07 923398                     /lib/x86_64-linux-gnu/libnss_dns-2.27.so
7f6ac31bd000-7f6ac31be000 r--p 00005000 08:07 923398                     /lib/x86_64-linux-gnu/libnss_dns-2.27.so
7f6ac31be000-7f6ac31bf000 rw-p 00006000 08:07 923398                     /lib/x86_64-linux-gnu/libnss_dns-2.27.so
7f6ac31bf000-7f6ac31c1000 r-xp 00000000 08:07 923406                     /lib/x86_64-linux-gnu/libnss_mdns4_minimal.so.2
7f6ac31c1000-7f6ac33c0000 ---p 00002000 08:07 923406                     /lib/x86_64-linux-gnu/libnss_mdns4_minimal.so.2
7f6ac33c0000-7f6ac33c1000 r--p 00001000 08:07 923406                     /lib/x86_64-linux-gnu/libnss_mdns4_minimal.so.2
7f6ac33c1000-7f6ac33c2000 rw-p 00002000 08:07 923406                     /lib/x86_64-linux-gnu/libnss_mdns4_minimal.so.2
7f6ac33c2000-7f6ac35c2000 rw-p 00000000 00:00 0 
7f6ac35c2000-7f6ac35fa000 r-xp 00000000 08:07 793070                     /home/karim/Downloads/android-studio/jre/jre/lib/amd64/libsunec.so
7f6ac35fa000-7f6ac37f9000 ---p 00038000 08:07 793070                     /home/karim/Downloads/android-studio/jre/jre/lib/amd64/libsunec.so
7f6ac37f9000-7f6ac37fe000 r--p 00037000 08:07 793070                     /home/karim/Downloads/android-studio/jre/jre/lib/amd64/libsunec.so
7f6ac37fe000-7f6ac3800000 rw-p 0003c000 08:07 793070                     /home/karim/Downloads/android-studio/jre/jre/lib/amd64/libsunec.so
7f6ac3800000-7f6ac3a00000 rw-p 00000000 00:00 0 
7f6ac3a00000-7f6ac3c00000 rw-p 00000000 00:00 0 
7f6ac3c00000-7f6ac3e00000 rw-p 00000000 00:00 0 
7f6ac3e00000-7f6ac4000000 rw-p 00000000 00:00 0 
7f6ac4000000-7f6ac41d2000 rw-p 00000000 00:00 0 
7f6ac41d2000-7f6ac8000000 ---p 00000000 00:00 0 
7f6ac8000000-7f6ac8045000 rw-p 00000000 00:00 0 
7f6ac8045000-7f6acc000000 ---p 00000000 00:00 0 
7f6acc000000-7f6acc039000 rw-p 00000000 00:00 0 
7f6acc039000-7f6ad0000000 ---p 00000000 00:00 0 
7f6ad0000000-7f6ad0021000 rw-p 00000000 00:00 0 
7f6ad0021000-7f6ad4000000 ---p 00000000 00:00 0 
7f6ad4000000-7f6ad4021000 rw-p 00000000 00:00 0 
7f6ad4021000-7f6ad8000000 ---p 00000000 00:00 0 
7f6ad8000000-7f6ad8044000 rw-p 00000000 00:00 0 
7f6ad8044000-7f6adc000000 ---p 00000000 00:00 0 
7f6adc000000-7f6adc026000 rw-p 00000000 00:00 0 
7f6adc026000-7f6ae0000000 ---p 00000000 00:00 0 
7f6ae0000000-7f6ae0021000 rw-p 00000000 00:00 0 
7f6ae0021000-7f6ae4000000 ---p 00000000 00:00 0 
7f6ae4000000-7f6ae4405000 rw-p 00000000 00:00 0 
7f6ae4405000-7f6ae8000000 ---p 00000000 00:00 0 
7f6ae8000000-7f6ae8021000 rw-p 00000000 00:00 0 
7f6ae8021000-7f6aec000000 ---p 00000000 00:00 0 
7f6aec000000-7f6aec021000 rw-p 00000000 00:00 0 
7f6aec021000-7f6af0000000 ---p 00000000 00:00 0 
7f6af0000000-7f6af16f4000 rw-p 00000000 00:00 0 
7f6af16f4000-7f6af4000000 ---p 00000000 00:00 0 
7f6af4000000-7f6af4021000 rw-p 00000000 00:00 0 
7f6af4021000-7f6af8000000 ---p 00000000 00:00 0 
7f6af8000000-7f6af80b7000 rw-p 00000000 00:00 0 
7f6af80b7000-7f6afc000000 ---p 00000000 00:00 0 
7f6afc000000-7f6afc06f000 rw-p 00000000 00:00 0 
7f6afc06f000-7f6b00000000 ---p 00000000 00:00 0 
7f6b00000000-7f6b00021000 rw-p 00000000 00:00 0 
7f6b00021000-7f6b04000000 ---p 00000000 00:00 0 
7f6b04000000-7f6b04021000 rw-p 00000000 00:00 0 
7f6b04021000-7f6b08000000 ---p 00000000 00:00 0 
7f6b08000000-7f6b08021000 rw-p 00000000 00:00 0 
7f6b08021000-7f6b0c000000 ---p 00000000 00:00 0 
7f6b0c000000-7f6b0e10d000 rw-p 00000000 00:00 0 
7f6b0e10d000-7f6b10000000 ---p 00000000 00:00 0 
7f6b10000000-7f6b10fe5000 rw-p 00000000 00:00 0 
7f6b10fe5000-7f6b14000000 ---p 00000000 00:00 0 
7f6b14000000-7f6b14021000 rw-p 00000000 00:00 0 
7f6b14021000-7f6b18000000 ---p 00000000 00:00 0 
7f6b18000000-7f6b19db6000 rw-p 00000000 00:00 0 
7f6b19db6000-7f6b1c000000 ---p 00000000 00:00 0 
7f6b1c000000-7f6b1c021000 rw-p 00000000 00:00 0 
7f6b1c021000-7f6b20000000 ---p 00000000 00:00 0 
7f6b20000000-7f6b20021000 rw-p 00000000 00:00 0 
7f6b20021000-7f6b24000000 ---p 00000000 00:00 0 
7f6b24000000-7f6b24043000 rw-p 00000000 00:00 0 
7f6b24043000-7f6b28000000 ---p 00000000 00:00 0 
7f6b28000000-7f6b282a0000 rw-p 00000000 00:00 0 
7f6b282a0000-7f6b2c000000 ---p 00000000 00:00 0 
7f6b2c000000-7f6b2c047000 rw-p 00000000 00:00 0 
7f6b2c047000-7f6b30000000 ---p 00000000 00:00 0 
7f6b30078000-7f6b3007b000 ---p 00000000 00:00 0 
7f6b3007b000-7f6b30179000 rw-p 00000000 00:00 0 
7f6b30179000-7f6b3017e000 r--s 0003b000 08:07 793129                     /home/karim/Downloads/android-studio/jre/jre/lib/ext/sunjce_provider.jar
7f6b3017e000-7f6b30180000 r--s 00008000 08:07 793127                     /home/karim/Downloads/android-studio/jre/jre/lib/ext/sunec.jar
7f6b30180000-7f6b30184000 r--s 00037000 08:07 793128                     /home/karim/Downloads/android-studio/jre/jre/lib/ext/sunpkcs11.jar
7f6b30184000-7f6b30384000 rw-p 00000000 00:00 0 
7f6b30384000-7f6b30396000 r--s 00345000 08:07 537457                     /home/karim/Downloads/android-studio/jre/jre/lib/resources.jar
7f6b30396000-7f6b30596000 rw-p 00000000 00:00 0 
7f6b30596000-7f6b30796000 rw-p 00000000 00:00 0 
7f6b30796000-7f6b30799000 r--s 00015000 08:07 537471                     /home/karim/Downloads/android-studio/jre/jre/lib/jce.jar
7f6b30799000-7f6b30999000 rw-p 00000000 00:00 0 
7f6b30999000-7f6b3099c000 ---p 00000000 00:00 0 
7f6b3099c000-7f6b30c9a000 rw-p 00000000 00:00 0 
7f6b30c9a000-7f6b30e9a000 rw-p 00000000 00:00 0 
7f6b30e9a000-7f6b31090000 rw-p 00000000 00:00 0 
7f6b31090000-7f6b3109a000 ---p 00000000 00:00 0 
7f6b3109a000-7f6b310a5000 r--s 00081000 08:07 922179                     /home/karim/.gradle/caches/modules-2/files-2.1/org.jetbrains.trove4j/trove4j/20160824/33c3e174a9c8368d93761d3d12712db18e903959/trove4j-20160824.jar
7f6b310a5000-7f6b31128000 r--s 00758000 08:07 922379                     /home/karim/.gradle/caches/modules-2/files-2.1/com.android.tools.external.com-intellij/intellij-core/26.0.1/a373ed549821cb9a932b87c79792790f6d018727/intellij-core-26.0.1.jar
7f6b31128000-7f6b3112e000 r--s 00033000 08:07 922381                     /home/karim/.gradle/caches/modules-2/files-2.1/commons-codec/commons-codec/1.6/b7f0fc8f61ecadeb3695f0b9464755eee44374d4/commons-codec-1.6.jar
7f6b3112e000-7f6b31130000 r--s 0000d000 08:07 921962                     /home/karim/.gradle/caches/modules-2/files-2.1/commons-logging/commons-logging/1.1.1/5043bfebc3db072ed80fbd362e7caf00e885d8ae/commons-logging-1.1.1.jar
7f6b31130000-7f6b31136000 r--s 00032000 08:07 922380                     /home/karim/.gradle/caches/modules-2/files-2.1/org.apache.httpcomponents/httpcore/4.2.5/472f0f5f8dba5d1962cb9d7739feed739a31c30d/httpcore-4.2.5.jar
7f6b31136000-7f6b31137000 r--s 00004000 08:07 921960                     /home/karim/.gradle/caches/modules-2/files-2.1/com.intellij/annotations/12.0/bbcf6448f6d40abe506e2c83b70a3e8bfd2b4539/annotations-12.0.jar
7f6b31137000-7f6b31138000 r--s 00000000 08:07 952034                     /home/karim/.gradle/caches/modules-2/files-2.1/org.codehaus.mojo/animal-sniffer-annotations/1.14/775b7e22fb10026eed3f86e8dc556dfafe35f2d5/animal-sniffer-annotations-1.14.jar
7f6b31138000-7f6b3113a000 r--s 00001000 08:07 952033                     /home/karim/.gradle/caches/modules-2/files-2.1/com.google.j2objc/j2objc-annotations/1.1/976d8d30bebc251db406f2bdb3eb01962b5685b3/j2objc-annotations-1.1.jar
7f6b3113a000-7f6b3113b000 r--s 00002000 08:07 952406                     /home/karim/.gradle/caches/modules-2/files-2.1/com.google.errorprone/error_prone_annotations/2.0.18/5f65affce1684999e2f4024983835efc3504012e/error_prone_annotations-2.0.18.jar
7f6b3113b000-7f6b3113e000 r--s 00006000 08:07 918283                     /home/karim/.gradle/caches/modules-2/files-2.1/com.google.code.findbugs/jsr305/1.3.9/40719ea6961c0cb6afaeb6a921eaa1f6afd4cfdf/jsr305-1.3.9.jar
7f6b3113e000-7f6b3113f000 r--s 0000a000 08:07 952019                     /home/karim/.gradle/caches/modules-2/files-2.1/net.sf.kxml/kxml2/2.3.0/ccbc77a5fd907ef863c29f3596c6f54ffa4e9442/kxml2-2.3.0.jar
7f6b3113f000-7f6b31141000 r--s 00005000 08:07 921957                     /home/karim/.gradle/caches/modules-2/files-2.1/org.apache.httpcomponents/httpmime/4.1/9ba2dcdf94ce35c8a8e9bff242db0618ca932e92/httpmime-4.1.jar
7f6b31141000-7f6b3114b000 r--s 00061000 08:07 922378                     /home/karim/.gradle/caches/modules-2/files-2.1/org.apache.httpcomponents/httpclient/4.2.6/e4ca30a6a3a075053a61c6fc850d2432dc012ba7/httpclient-4.2.6.jar
7f6b3114b000-7f6b31154000 r--s 00064000 08:07 952017                     /home/karim/.gradle/caches/modules-2/files-2.1/org.apache.commons/commons-compress/1.12/84caa68576e345eb5e7ae61a0e5a9229eb100d7b/commons-compress-1.12.jar
7f6b31154000-7f6b31159000 r--s 0002e000 08:07 922377                     /home/karim/.gradle/caches/modules-2/files-2.1/com.google.code.gson/gson/2.3/5fc52c41ef0239d1093a1eb7c3697036183677ce/gson-2.3.jar
7f6b31159000-7f6b31169000 r--s 000d6000 08:07 922376                     /home/karim/.gradle/caches/modules-2/files-2.1/net.sf.proguard/proguard-base/5.3.3/988b6b0636ce343d4962b3b37f6319dcc6e99a61/proguard-base-5.3.3.jar
7f6b31169000-7f6b3116a000 r--s 00001000 08:07 922375                     /home/karim/.gradle/caches/modules-2/files-2.1/com.android.tools/annotations/26.0.1/29012758503f56c7dc0714eda494f7f140fd3db8/annotations-26.0.1.jar
7f6b3116a000-7f6b3116d000 r--s 00033000 08:07 952007                     /home/karim/.gradle/caches/modules-2/files-2.1/com.googlecode.juniversalchardet/juniversalchardet/1.0.3/cd49678784c46aa8789c060538e0154013bb421b/juniversalchardet-1.0.3.jar
7f6b3116d000-7f6b31171000 r--s 0002a000 08:07 952006                     /home/karim/.gradle/caches/modules-2/files-2.1/commons-io/commons-io/2.4/b1b6ea3b7e4aa4f492509a4952029cd8e48019ad/commons-io-2.4.jar
7f6b31171000-7f6b31188000 r--s 00154000 08:07 952005                     /home/karim/.gradle/caches/modules-2/files-2.1/org.antlr/antlr4/4.5.3/f35db7e4b2446e4174ba6a73db7bd6b3e6bb5da1/antlr4-4.5.3.jar
7f6b31188000-7f6b31189000 r--s 00003000 08:07 922373                     /home/karim/.gradle/caches/modules-2/files-2.1/com.android.databinding/baseLibrary/3.0.1/cc0483d84342e82c261aeb5fd0ef2f876b587489/baseLibrary-3.0.1.jar
7f6b31189000-7f6b311b9000 r--s 00245000 08:07 922374                     /home/karim/.gradle/caches/modules-2/files-2.1/com.google.guava/guava/22.0/3564ef3803de51fb0530a8377ec6100b33b0d073/guava-22.0.jar
7f6b311b9000-7f6b311c1000 r--s 000a8000 08:07 921965                     /home/karim/.gradle/caches/modules-2/files-2.1/com.android.tools.external.lombok/lombok-ast/0.2.3/528b6f8bde3157f17530aa366631f2aad2a6cf9/lombok-ast-0.2.3.jar
7f6b311c1000-7f6b311c5000 r--s 0002f000 08:07 951996                     /home/karim/.gradle/caches/modules-2/files-2.1/com.google.jimfs/jimfs/1.1/8fbd0579dc68aba6186935cc1bee21d2f3e7ec1c/jimfs-1.1.jar
7f6b311c5000-7f6b311d8000 r--s 00241000 08:07 921945                     /home/karim/.gradle/caches/modules-2/files-2.1/org.eclipse.jdt.core.compiler/ecj/4.6.1/5555607add54eb79c5a0729134e663fe2e6300c2/ecj-4.6.1.jar
7f6b311d8000-7f6b311d9000 r--s 00003000 08:07 951993                     /home/karim/.gradle/caches/modules-2/files-2.1/com.googlecode.json-simple/json-simple/1.1/5e303a03d04e6788dddfa3655272580ae0fc13bb/json-simple-1.1.jar
7f6b311d9000-7f6b312fe000 r--s 00f5d000 08:07 951992                     /home/karim/.gradle/caches/modules-2/files-2.1/it.unimi.dsi/fastutil/7.2.0/5ad3a2bb04143f70aa0765fc29fc29571a7d6b34/fastutil-7.2.0.jar
7f6b312fe000-7f6b31349000 r--s 002ff000 08:07 951991                     /home/karim/.gradle/caches/modules-2/files-2.1/org.bouncycastle/bcprov-jdk15on/1.56/a153c6f9744a3e9dd6feab5e210e1c9861362ec7/bcprov-jdk15on-1.56.jar
7f6b31349000-7f6b3135a000 r--s 00097000 08:07 951990                     /home/karim/.gradle/caches/modules-2/files-2.1/org.bouncycastle/bcpkix-jdk15on/1.56/4648af70268b6fdb24674fb1fd7c1fcc73db1231/bcpkix-jdk15on-1.56.jar
7f6b3135a000-7f6b3135c000 r--s 00002000 08:07 951989                     /home/karim/.gradle/caches/modules-2/files-2.1/com.squareup/javawriter/2.5.0/81241ff7078ef14f42ea2a8995fa09c096256e6b/javawriter-2.5.0.jar
7f6b3135c000-7f6b31361000 r--s 0003b000 08:07 922372                     /home/karim/.gradle/caches/modules-2/files-2.1/com.android.tools.build/apksig/3.0.1/535b9323a1bd47e3a9c860d11f4e11a80db13f2b/apksig-3.0.1.jar
7f6b31361000-7f6b31364000 r--s 00024000 08:07 922371                     /home/karim/.gradle/caches/modules-2/files-2.1/com.android.tools/common/26.0.1/38e362a43a905b6745d609bea37faddb0c5bffab/common-26.0.1.jar
7f6b31364000-7f6b31366000 r--s 00006000 08:07 922370                     /home/karim/.gradle/caches/modules-2/files-2.1/com.android.tools/dvlib/26.0.1/46f3eeaf812811374b4ea2c49ad52687a7ff6a87/dvlib-26.0.1.jar
7f6b31366000-7f6b31369000 r--s 00014000 08:07 922369                     /home/karim/.gradle/caches/modules-2/files-2.1/com.android.tools.layoutlib/layoutlib-api/26.0.1/4eb1f46803873ff996f2457d1dd64c5c305818d8/layoutlib-api-26.0.1.jar
7f6b31369000-7f6b3136e000 r--s 0004d000 08:07 922368                     /home/karim/.gradle/caches/modules-2/files-2.1/com.android.tools.ddms/ddmlib/26.0.1/d4bcdb3a578812688ccc34f1359702601fea955d/ddmlib-26.0.1.jar
7f6b3136e000-7f6b3136f000 r--s 00003000 08:07 922367                     /home/karim/.gradle/caches/modules-2/files-2.1/com.android.tools.build/builder-test-api/3.0.1/5f084a2888a7f638c4c89c3278760345b1fb4c8/builder-test-api-3.0.1.jar
7f6b3136f000-7f6b31372000 r--s 00007000 08:07 922366                     /home/karim/.gradle/caches/modules-2/files-2.1/com.android.tools.build/builder-model/3.0.1/e9de7e34339a8eb90fda30ac6bf580d5f2c4f282/builder-model-3.0.1.jar
7f6b31372000-7f6b31381000 r--s 00130000 08:07 921927                     /home/karim/.gradle/caches/modules-2/files-2.1/com.google.protobuf/protobuf-java/3.0.0/6d325aa7c921661d84577c0a93d82da4df9fa4c8/protobuf-java-3.0.0.jar
7f6b31381000-7f6b31394000 r--s 001a8000 08:07 922365                     /home/karim/.gradle/caches/modules-2/files-2.1/com.android.tools.analytics-library/protos/26.0.1/7719e7ed7498e25ec555bdfcb7a4de0e88a47ea/protos-26.0.1.jar
7f6b31394000-7f6b31395000 r--s 00005000 08:07 922364                     /home/karim/.gradle/caches/modules-2/files-2.1/com.android.tools.analytics-library/shared/26.0.1/5cfc3811c2fd6cddfce2ec1bb5fbbec87e0fc462/shared-26.0.1.jar
7f6b31395000-7f6b31397000 r--s 00004000 08:07 922363                     /home/karim/.gradle/caches/modules-2/files-2.1/com.android.tools.analytics-library/tracker/26.0.1/15f0c0560c8a97700651d2dd5219937baa80c166/tracker-26.0.1.jar
7f6b31397000-7f6b31399000 r--s 00002000 08:07 922362                     /home/karim/.gradle/caches/modules-2/files-2.1/net.sf.proguard/proguard-gradle/5.3.3/ad23a0505f58d0dfc95bb1472decc397460406c9/proguard-gradle-5.3.3.jar
7f6b31399000-7f6b3139b000 r--s 0000f000 08:07 951981                     /home/karim/.gradle/caches/modules-2/files-2.1/net.sf.jopt-simple/jopt-simple/4.9/ee9e9eaa0a35360dcfeac129ff4923215fd65904/jopt-simple-4.9.jar
7f6b3139b000-7f6b3139f000 r--s 0001e000 08:07 922361                     /home/karim/.gradle/caches/modules-2/files-2.1/org.jacoco/org.jacoco.core/0.7.4.201502262128/31482f50411a3a5769b6c78fa9b97ba731c205e7/org.jacoco.core-0.7.4.201502262128.jar
7f6b3139f000-7f6b313a2000 r--s 00020000 08:07 922360                     /home/karim/.gradle/caches/modules-2/files-2.1/org.jacoco/org.jacoco.report/0.7.4.201502262128/5c6bb5f95ae695dc4510b95f7d5ad0397e4881ad/org.jacoco.report-0.7.4.201502262128.jar
7f6b313a2000-7f6b313a4000 r--s 0000c000 08:07 922359                     /home/karim/.gradle/caches/modules-2/files-2.1/org.ow2.asm/asm/5.1/5ef31c4fe953b1fd00b8a88fa1d6820e8785bb45/asm-5.1.jar
7f6b313a4000-7f6b313a6000 r--s 00006000 08:07 922358                     /home/karim/.gradle/caches/modules-2/files-2.1/org.ow2.asm/asm-tree/5.1/87b38c12a0ea645791ead9d3e74ae5268d1d6c34/asm-tree-5.1.jar
7f6b313a6000-7f6b313a7000 r--s 0000a000 08:07 922357                     /home/karim/.gradle/caches/modules-2/files-2.1/org.ow2.asm/asm-util/5.1/b60e33a6bd0d71831e0c249816d01e6c1dd90a47/asm-util-5.1.jar
7f6b313a7000-7f6b313a9000 r--s 0000a000 08:07 922356                     /home/karim/.gradle/caches/modules-2/files-2.1/org.ow2.asm/asm-commons/5.1/25d8a575034dd9cfcb375a39b5334f0ba9c8474e/asm-commons-5.1.jar
7f6b313a9000-7f6b313aa000 r--s 00004000 08:07 922355                     /home/karim/.gradle/caches/modules-2/files-2.1/org.ow2.asm/asm-analysis/5.1/6d1bf8989fc7901f868bee3863c44f21aa63d110/asm-analysis-5.1.jar
7f6b313aa000-7f6b313ae000 r--s 0002e000 08:07 922354                     /home/karim/.gradle/caches/modules-2/files-2.1/com.android.databinding/compilerCommon/3.0.1/7f51b3e1636063e491131a0b0436512131cb1bdc/compilerCommon-3.0.1.jar
7f6b313ae000-7f6b313b0000 r--s 00003000 08:07 922353                     /home/karim/.gradle/caches/modules-2/files-2.1/com.android.tools.build/gradle-api/3.0.1/92640ae3c543aa3faee7b954ce641d03949d4401/gradle-api-3.0.1.jar
7f6b313b0000-7f6b313bf000 r--s 000cb000 08:07 922351                     /home/karim/.gradle/caches/modules-2/files-2.1/com.android.tools.external.org-jetbrains/uast/26.0.1/663906c592ce867fa2e9bcbffbe2130397078132/uast-26.0.1.jar
7f6b313bf000-7f6b313ce000 r--s 000c8000 08:07 922352                     /home/karim/.gradle/caches/modules-2/files-2.1/org.jetbrains.kotlin/kotlin-stdlib/1.1.3-2/9b44c139a4ec57031e0c84ba0e49ba16df6d801c/kotlin-stdlib-1.1.3-2.jar
7f6b313ce000-7f6b31400000 r--s 0021b000 08:07 922350                     /home/karim/.gradle/caches/modules-2/files-2.1/org.jetbrains.kotlin/kotlin-reflect/1.1.3-2/2104f139db2a2d230c529b004c34a0993c4c2f19/kotlin-reflect-1.1.3-2.jar
7f6b31400000-7f6b31406000 r--s 00030000 08:07 922348                     /home/karim/.gradle/caches/modules-2/files-2.1/com.android.tools/repository/26.0.1/bc0dfe02af8d075f6b7ad63a202ed4c63a6a647d/repository-26.0.1.jar
7f6b31406000-7f6b31411000 r--s 0009b000 08:07 922349                     /home/karim/.gradle/caches/modules-2/files-2.1/com.android.tools/sdklib/26.0.1/bdb4723f8e3791f1d3911b1f191acf25840f352a/sdklib-26.0.1.jar
7f6b31411000-7f6b31420000 r--s 000da000 08:07 922347                     /home/karim/.gradle/caches/modules-2/files-2.1/com.android.tools/sdk-common/26.0.1/9ddd2fa552e7b49548c421c0be4e65dc9a245f69/sdk-common-26.0.1.jar
7f6b31420000-7f6b31424000 r--s 00023000 08:07 922346                     /home/karim/.gradle/caches/modules-2/files-2.1/com.android.tools.build/manifest-merger/26.0.1/700cbb1ed4066f48d4970f5669c44a51bd03142/manifest-merger-26.0.1.jar
7f6b31424000-7f6b3142b000 r--s 0007f000 08:07 922345                     /home/karim/.gradle/caches/modules-2/files-2.1/com.android.tools.lint/lint-api/26.0.1/2d4dd9f4676fbb152e4baf6f6f4cbbb868521832/lint-api-26.0.1.jar
7f6b3142b000-7f6b31434000 r--s 000ff000 08:07 922344                     /home/karim/.gradle/caches/modules-2/files-2.1/com.android.tools.lint/lint-checks/26.0.1/a5df32c64598e190808accaa03820fb9db9f8201/lint-checks-26.0.1.jar
7f6b31434000-7f6b31464000 r--s 01983000 08:07 922341                     /home/karim/.gradle/caches/modules-2/files-2.1/com.android.tools.build/builder/3.0.1/1f896967507729bb35ac727c03d3b9306fe87b7d/builder-3.0.1.jar
7f6b31464000-7f6b31664000 rw-p 00000000 00:00 0 
7f6b31664000-7f6b31667000 ---p 00000000 00:00 0 
7f6b31667000-7f6b31765000 rw-p 00000000 00:00 0 
7f6b31765000-7f6b31768000 ---p 00000000 00:00 0 
7f6b31768000-7f6b31866000 rw-p 00000000 00:00 0 
7f6b31866000-7f6b31869000 ---p 00000000 00:00 0 
7f6b31869000-7f6b31967000 rw-p 00000000 00:00 0 
7f6b31967000-7f6b3196a000 ---p 00000000 00:00 0 
7f6b3196a000-7f6b31c68000 rw-p 00000000 00:00 0 
7f6b31c68000-7f6b31e68000 rw-p 00000000 00:00 0 
7f6b31e68000-7f6b31ed8000 r--s 00646000 08:07 684399                     /home/karim/.gradle/caches/jars-3/12c0fb1a973aed157d8fb02fcdc5a007/groovy-all-2.4.12.jar
7f6b31ed8000-7f6b320d8000 rw-p 00000000 00:00 0 
7f6b320d8000-7f6b320db000 ---p 00000000 00:00 0 
7f6b320db000-7f6b323d9000 rw-p 00000000 00:00 0 
7f6b323d9000-7f6b325d9000 rw-p 00000000 00:00 0 
7f6b325d9000-7f6b327d9000 rw-p 00000000 00:00 0 
7f6b327d9000-7f6b32a01000 r--s 01cc9000 08:07 684361                     /home/karim/.gradle/caches/jars-3/99b3ae8998a1aa0579ab04cfecfa6504/kotlin-plugin.jar
7f6b32a01000-7f6b32c4f000 r--s 017dd000 08:07 684335                     /home/karim/.gradle/caches/jars-3/bf9132a92c5aa0a8a17b19e362e06b28/gradle-api-impldep-4.4.jar
7f6b32c4f000-7f6b32e4f000 rw-p 00000000 00:00 0 
7f6b32e4f000-7f6b32e50000 r--s 00000000 08:07 921919                     /home/karim/.gradle/caches/modules-2/files-2.1/com.android.tools.build/transform-api/2.0.0-deprecated-use-gradle-api/85bee1acea9e27152b920746c68133b30b11431/transform-api-2.0.0-deprecated-use-gradle-api.jar
7f6b32e50000-7f6b32e52000 r--s 00003000 08:07 952023                     /home/karim/.gradle/caches/modules-2/files-2.1/org.jetbrains/annotations/13.0/919f0dfe192fb4e063e7dacadee7f8bb9a2672a9/annotations-13.0.jar
7f6b32e52000-7f6b32e55000 r--s 00039000 08:07 922342                     /home/karim/.gradle/caches/modules-2/files-2.1/com.android.tools.lint/lint/26.0.1/541bfb082a95a3b55d0158d69b067f1d7c623122/lint-26.0.1.jar
7f6b32e55000-7f6b32e57000 r--s 00000000 08:07 922340                     /home/karim/.gradle/caches/modules-2/files-2.1/org.jetbrains.kotlin/kotlin-stdlib-jre7/1.1.2-4/e6a7403299b8f3126e3a1576c02e3f07ae5af6fa/kotlin-stdlib-jre7-1.1.2-4.jar
7f6b32e57000-7f6b32e59000 r--s 00002000 08:07 922338                     /home/karim/.gradle/caches/modules-2/files-2.1/org.jetbrains.kotlin/kotlin-stdlib-jre8/1.1.2-4/40378584918fd0a7f58f423ac9b8cb0ee5ad6ddd/kotlin-stdlib-jre8-1.1.2-4.jar
7f6b32e59000-7f6b32e5b000 r--s 00015000 08:07 922339                     /home/karim/.gradle/caches/modules-2/files-2.1/com.squareup/javapoet/1.9.0/ecc5cf9c221d55481163e773b24336db149e51/javapoet-1.9.0.jar
7f6b32e5b000-7f6b32e68000 r--s 000c8000 08:07 922343                     /home/karim/.gradle/caches/modules-2/files-2.1/com.github.javaparser/javaparser-core/3.2.8/dbc3534d23cd48534fc70ad2a4b746b9100d0342/javaparser-core-3.2.8.jar
7f6b32e68000-7f6b32e8b000 r--s 0020b000 08:07 922335                     /home/karim/.gradle/caches/modules-2/files-2.1/com.android.tools.build/gradle-core/3.0.1/c2945119335b491ca56e4042f7c8c55dccf5c9c2/gradle-core-3.0.1.jar
7f6b32e8b000-7f6b32e8d000 r--s 0000d000 08:07 921683                     /home/karim/.gradle/caches/modules-2/files-2.1/com.google.gms/google-services/4.0.1/a9fdd01c6f67fa7d12cc156a7a20a5086fbd1287/google-services-4.0.1.jar
7f6b32e8d000-7f6b32e8f000 r--s 0000f000 08:07 922337                     /home/karim/.gradle/caches/modules-2/files-2.1/com.android.tools.build/gradle/3.0.1/cfa107d4db0c11c11f445a11e768adf61c72ce06/gradle-3.0.1.jar
7f6b32e8f000-7f6b32e90000 r--s 00002000 08:07 922336                     /home/karim/.gradle/caches/modules-2/files-2.1/com.jakewharton/butterknife-gradle-plugin/8.8.1/5f4d8b1d20d2ffc2147c771d30c902e5f2b2d328/butterknife-gradle-plugin-8.8.1.jar
7f6b32e90000-7f6b32e95000 r--s 00034000 08:07 684401                     /home/karim/.gradle/caches/jars-3/a49ff22133c4b2692c72b3b7729fdafe/gson-2.8.2.jar
7f6b32e95000-7f6b32e9a000 r--s 0006e000 08:07 684397                     /home/karim/.gradle/caches/jars-3/478ba6352cd9871bf785711244011254/gradle-tooling-extension-impl.jar
7f6b32e9a000-7f6b32e9b000 r--s 00003000 08:07 684369                     /home/karim/.gradle/caches/jars-3/db7f99e13db6471c258a1a9736a4d5fb/sam-with-receiver-ide-plugin.jar
7f6b32e9b000-7f6b32e9d000 r--s 00003000 08:07 684367                     /home/karim/.gradle/caches/jars-3/70b6fd13e426f9a044fdc43b846a2d41/noarg-ide-plugin.jar
7f6b32e9d000-7f6b32ead000 r--s 000d7000 08:07 684365                     /home/karim/.gradle/caches/jars-3/5be49fe2e61716e48bcbd4efd567498b/kotlin-runtime.jar
7f6b32ead000-7f6b32ebd000 r--s 000db000 08:07 684363                     /home/karim/.gradle/caches/jars-3/10819879d278e5a3649b2eae7130df10/kotlin-stdlib.jar
7f6b32ebd000-7f6b32ebe000 r--s 00003000 08:07 684359                     /home/karim/.gradle/caches/jars-3/0806913fcff5466b25c30bf0ee09899a/allopen-ide-plugin.jar
7f6b32ebe000-7f6b32ec0000 r--s 00004000 08:07 684357                     /home/karim/.gradle/caches/jars-3/c4813f7cc8e502bbbd4d0edc7b50748f/kapt3-idea.jar
7f6b32ec0000-7f6b32ec4000 r--s 00020000 08:07 684355                     /home/karim/.gradle/caches/jars-3/ce7e452037c0c1a7825828e8f5eac923/android-extensions-ide.jar
7f6b32ec4000-7f6b32ec5000 r--s 00000000 08:07 684353                     /home/karim/.gradle/caches/jars-3/be363fcec6fce25e79fe7d68a2750e91/gradle-appengine-builder-model-0.1.0.jar
7f6b32ec5000-7f6b32fec000 r--s 009f7000 08:07 684333                     /home/karim/.gradle/caches/jars-3/7ab50d59dd743a78a90b37b629f752a0/gradle-api-4.4.jar
7f6b32fec000-7f6b32fef000 ---p 00000000 00:00 0 
7f6b32fef000-7f6b330ed000 rw-p 00000000 00:00 0 
7f6b330ed000-7f6b330f0000 ---p 00000000 00:00 0 
7f6b330f0000-7f6b331ee000 rw-p 00000000 00:00 0 
7f6b331ee000-7f6b331f1000 ---p 00000000 00:00 0 
7f6b331f1000-7f6b334ef000 rw-p 00000000 00:00 0 
7f6b334ef000-7f6b334f2000 ---p 00000000 00:00 0 
7f6b334f2000-7f6b335f0000 rw-p 00000000 00:00 0 
7f6b335f0000-7f6b335f3000 ---p 00000000 00:00 0 
7f6b335f3000-7f6b336f1000 rw-p 00000000 00:00 0 
7f6b336f1000-7f6b336f4000 ---p 00000000 00:00 0 
7f6b336f4000-7f6b337f2000 rw-p 00000000 00:00 0 
7f6b337f2000-7f6b337f5000 ---p 00000000 00:00 0 
7f6b337f5000-7f6b338f3000 rw-p 00000000 00:00 0 
7f6b338f3000-7f6b338f6000 ---p 00000000 00:00 0 
7f6b338f6000-7f6b339f4000 rw-p 00000000 00:00 0 
7f6b339f4000-7f6b339f7000 ---p 00000000 00:00 0 
7f6b339f7000-7f6b33af5000 rw-p 00000000 00:00 0 
7f6b33af5000-7f6b33af8000 ---p 00000000 00:00 0 
7f6b33af8000-7f6b33df6000 rw-p 00000000 00:00 0 
7f6b33df6000-7f6b33dff000 r-xp 00000000 08:07 793072                     /home/karim/Downloads/android-studio/jre/jre/lib/amd64/libmanagement.so
7f6b33dff000-7f6b33ffe000 ---p 00009000 08:07 793072                     /home/karim/Downloads/android-studio/jre/jre/lib/amd64/libmanagement.so
7f6b33ffe000-7f6b33fff000 r--p 00008000 08:07 793072                     /home/karim/Downloads/android-studio/jre/jre/lib/amd64/libmanagement.so
7f6b33fff000-7f6b34000000 rw-p 00009000 08:07 793072                     /home/karim/Downloads/android-studio/jre/jre/lib/amd64/libmanagement.so
7f6b34000000-7f6b34031000 rw-p 00000000 00:00 0 
7f6b34031000-7f6b38000000 ---p 00000000 00:00 0 
7f6b38000000-7f6b38024000 r--s 00624000 08:07 684343                     /home/karim/.gradle/caches/jars-3/c75fe2bc85f19cc2d90f7adc33e547eb/sdk-tools.jar
7f6b38024000-7f6b38026000 r--s 0000b000 08:07 684341                     /home/karim/.gradle/caches/jars-3/b695bd7fd64d58744b9440c41d61b5e2/kotlin-gradle-tooling.jar
7f6b38026000-7f6b38027000 r--s 00002000 08:07 684339                     /home/karim/.gradle/caches/jars-3/dc350e9eb34c7528b04a999ad4275403/external-system-rt.jar
7f6b38027000-7f6b3802a000 r--s 0000d000 08:07 684337                     /home/karim/.gradle/caches/jars-3/4897a936b9bb82adfe222c7e2fda68e1/gradle-tooling-extension-api.jar
7f6b3802a000-7f6b380a3000 r--s 010fd000 08:07 793157                     /home/karim/Downloads/android-studio/jre/lib/tools.jar
7f6b380a3000-7f6b380aa000 r--s 00000000 08:07 1317639                    /usr/lib/x86_64-linux-gnu/gconv/gconv-modules.cache
7f6b380aa000-7f6b380ad000 ---p 00000000 00:00 0 
7f6b380ad000-7f6b381ab000 rw-p 00000000 00:00 0 
7f6b381ab000-7f6b381b0000 r--s 0009a000 08:07 537469                     /home/karim/Downloads/android-studio/jre/jre/lib/jsse.jar
7f6b381b0000-7f6b381b2000 r--s 00007000 08:07 1322026                    /home/karim/.gradle/wrapper/dists/gradle-4.1-all/bzyivzo6n839fup2jbap0tjew/gradle-4.1/lib/plugins/gradle-tooling-api-builders-4.1.jar
7f6b381b2000-7f6b381b5000 r--s 00009000 08:07 1322036                    /home/karim/.gradle/wrapper/dists/gradle-4.1-all/bzyivzo6n839fup2jbap0tjew/gradle-4.1/lib/plugins/gradle-testing-native-4.1.jar
7f6b381b5000-7f6b381b7000 r--s 00009000 08:07 1322109                    /home/karim/.gradle/wrapper/dists/gradle-4.1-all/bzyivzo6n839fup2jbap0tjew/gradle-4.1/lib/plugins/hamcrest-core-1.3.jar
7f6b381b7000-7f6b381bc000 r--s 00040000 08:07 1322104                    /home/karim/.gradle/wrapper/dists/gradle-4.1-all/bzyivzo6n839fup2jbap0tjew/gradle-4.1/lib/plugins/bsh-2.0b4.jar
7f6b381bc000-7f6b381be000 r--s 00006000 08:07 1322105                    /home/karim/.gradle/wrapper/dists/gradle-4.1-all/bzyivzo6n839fup2jbap0tjew/gradle-4.1/lib/plugins/jcommander-1.12.jar
7f6b381be000-7f6b381c4000 r--s 00033000 08:07 1322106                    /home/karim/.gradle/wrapper/dists/gradle-4.1-all/bzyivzo6n839fup2jbap0tjew/gradle-4.1/lib/plugins/snakeyaml-1.6.jar
7f6b381c4000-7f6b381cd000 r--s 00089000 08:07 1322064                    /home/karim/.gradle/wrapper/dists/gradle-4.1-all/bzyivzo6n839fup2jbap0tjew/gradle-4.1/lib/plugins/testng-6.3.1.jar
7f6b381cd000-7f6b381d5000 r--s 00045000 08:07 1322065                    /home/karim/.gradle/wrapper/dists/gradle-4.1-all/bzyivzo6n839fup2jbap0tjew/gradle-4.1/lib/plugins/junit-4.12.jar
7f6b381d5000-7f6b381db000 r--s 0002e000 08:07 1322032                    /home/karim/.gradle/wrapper/dists/gradle-4.1-all/bzyivzo6n839fup2jbap0tjew/gradle-4.1/lib/plugins/gradle-testing-jvm-4.1.jar
7f6b381db000-7f6b381df000 r--s 00017000 08:07 1322040                    /home/karim/.gradle/wrapper/dists/gradle-4.1-all/bzyivzo6n839fup2jbap0tjew/gradle-4.1/lib/plugins/gradle-testing-base-4.1.jar
7f6b381df000-7f6b381e6000 r--s 00038000 08:07 1322060                    /home/karim/.gradle/wrapper/dists/gradle-4.1-all/bzyivzo6n839fup2jbap0tjew/gradle-4.1/lib/plugins/bcpg-jdk15on-1.51.jar
7f6b381e6000-7f6b381e8000 r--s 0000c000 08:07 1322011                    /home/karim/.gradle/wrapper/dists/gradle-4.1-all/bzyivzo6n839fup2jbap0tjew/gradle-4.1/lib/plugins/gradle-signing-4.1.jar
7f6b381e8000-7f6b381ea000 r--s 00007000 08:07 1322017                    /home/karim/.gradle/wrapper/dists/gradle-4.1-all/bzyivzo6n839fup2jbap0tjew/gradle-4.1/lib/plugins/gradle-scala-4.1.jar
7f6b381ea000-7f6b381eb000 r--s 00004000 08:07 1322048                    /home/karim/.gradle/wrapper/dists/gradle-4.1-all/bzyivzo6n839fup2jbap0tjew/gradle-4.1/lib/plugins/gradle-resources-sftp-4.1.jar
7f6b381eb000-7f6b381fb000 r--s 00088000 08:07 1322077                    /home/karim/.gradle/wrapper/dists/gradle-4.1-all/bzyivzo6n839fup2jbap0tjew/gradle-4.1/lib/plugins/joda-time-2.8.2.jar
7f6b381fb000-7f6b3820c000 r--s 0010d000 08:07 1322076                    /home/karim/.gradle/wrapper/dists/gradle-4.1-all/bzyivzo6n839fup2jbap0tjew/gradle-4.1/lib/plugins/jackson-databind-2.6.6.jar
7f6b3820c000-7f6b3820f000 r--s 00009000 08:07 1322075                    /home/karim/.gradle/wrapper/dists/gradle-4.1-all/bzyivzo6n839fup2jbap0tjew/gradle-4.1/lib/plugins/jackson-annotations-2.6.6.jar
7f6b3820f000-7f6b38213000 r--s 0003c000 08:07 1322074                    /home/karim/.gradle/wrapper/dists/gradle-4.1-all/bzyivzo6n839fup2jbap0tjew/gradle-4.1/lib/plugins/jackson-core-2.6.6.jar
7f6b38213000-7f6b38221000 r--s 00087000 08:07 1322073                    /home/karim/.gradle/wrapper/dists/gradle-4.1-all/bzyivzo6n839fup2jbap0tjew/gradle-4.1/lib/plugins/aws-java-sdk-core-1.11.6.jar
7f6b38221000-7f6b38228000 r--s 00057000 08:07 1322072                    /home/karim/.gradle/wrapper/dists/gradle-4.1-all/bzyivzo6n839fup2jbap0tjew/gradle-4.1/lib/plugins/aws-java-sdk-kms-1.11.6.jar
7f6b38228000-7f6b38235000 r--s 0008e000 08:07 1322071                    /home/karim/.gradle/wrapper/dists/gradle-4.1-all/bzyivzo6n839fup2jbap0tjew/gradle-4.1/lib/plugins/aws-java-sdk-s3-1.11.6.jar
7f6b38235000-7f6b38237000 r--s 00004000 08:07 1322045                    /home/karim/.gradle/wrapper/dists/gradle-4.1-all/bzyivzo6n839fup2jbap0tjew/gradle-4.1/lib/plugins/gradle-resources-s3-4.1.jar
7f6b38237000-7f6b38239000 r--s 00010000 08:07 1322041                    /home/karim/.gradle/wrapper/dists/gradle-4.1-all/bzyivzo6n839fup2jbap0tjew/gradle-4.1/lib/plugins/gradle-reporting-4.1.jar
7f6b38239000-7f6b3823b000 r--s 00002000 08:07 1322042                    /home/karim/.gradle/wrapper/dists/gradle-4.1-all/bzyivzo6n839fup2jbap0tjew/gradle-4.1/lib/plugins/gradle-publish-4.1.jar
7f6b3823b000-7f6b3823d000 r--s 00009000 08:07 1322053                    /home/karim/.gradle/wrapper/dists/gradle-4.1-all/bzyivzo6n839fup2jbap0tjew/gradle-4.1/lib/plugins/commons-cli-1.2.jar
7f6b3823d000-7f6b38243000 r--s 00036000 08:07 1322025                    /home/karim/.gradle/wrapper/dists/gradle-4.1-all/bzyivzo6n839fup2jbap0tjew/gradle-4.1/lib/plugins/gradle-plugins-4.1.jar
7f6b38243000-7f6b38245000 r--s 00009000 08:07 1322012                    /home/karim/.gradle/wrapper/dists/gradle-4.1-all/bzyivzo6n839fup2jbap0tjew/gradle-4.1/lib/plugins/gradle-plugin-development-4.1.jar
7f6b38245000-7f6b3824b000 r--s 0002b000 08:07 1322020                    /home/karim/.gradle/wrapper/dists/gradle-4.1-all/bzyivzo6n839fup2jbap0tjew/gradle-4.1/lib/plugins/gradle-platform-play-4.1.jar
7f6b3824b000-7f6b3825a000 r--s 0005b000 08:07 1322038                    /home/karim/.gradle/wrapper/dists/gradle-4.1-all/bzyivzo6n839fup2jbap0tjew/gradle-4.1/lib/plugins/gradle-platform-native-4.1.jar
7f6b3825a000-7f6b3825e000 r--s 0001b000 08:07 1322035                    /home/karim/.gradle/wrapper/dists/gradle-4.1-all/bzyivzo6n839fup2jbap0tjew/gradle-4.1/lib/plugins/gradle-platform-jvm-4.1.jar
7f6b3825e000-7f6b38266000 r--s 00027000 08:07 1322043                    /home/karim/.gradle/wrapper/dists/gradle-4.1-all/bzyivzo6n839fup2jbap0tjew/gradle-4.1/lib/plugins/gradle-platform-base-4.1.jar
7f6b38266000-7f6b3828e000 r--s 0021c000 08:07 1322054                    /home/karim/.gradle/wrapper/dists/gradle-4.1-all/bzyivzo6n839fup2jbap0tjew/gradle-4.1/lib/plugins/biz.aQute.bndlib-3.2.0.jar
7f6b3828e000-7f6b3828f000 r--s 00004000 08:07 1322010                    /home/karim/.gradle/wrapper/dists/gradle-4.1-all/bzyivzo6n839fup2jbap0tjew/gradle-4.1/lib/plugins/gradle-osgi-4.1.jar
7f6b3828f000-7f6b38292000 r--s 0000c000 08:07 1322057                    /home/karim/.gradle/wrapper/dists/gradle-4.1-all/bzyivzo6n839fup2jbap0tjew/gradle-4.1/lib/plugins/pmaven-groovy-0.8-20100325.jar
7f6b38292000-7f6b38293000 r--s 00004000 08:07 1322056                    /home/karim/.gradle/wrapper/dists/gradle-4.1-all/bzyivzo6n839fup2jbap0tjew/gradle-4.1/lib/plugins/pmaven-common-0.8-20100325.jar
7f6b38293000-7f6b38299000 r--s 00023000 08:07 1322013                    /home/karim/.gradle/wrapper/dists/gradle-4.1-all/bzyivzo6n839fup2jbap0tjew/gradle-4.1/lib/plugins/gradle-maven-4.1.jar
7f6b38299000-7f6b3829c000 r--s 0000b000 08:07 1322031                    /home/karim/.gradle/wrapper/dists/gradle-4.1-all/bzyivzo6n839fup2jbap0tjew/gradle-4.1/lib/plugins/gradle-language-scala-4.1.jar
7f6b3829c000-7f6b382a3000 r--s 00020000 08:07 1322037                    /home/karim/.gradle/wrapper/dists/gradle-4.1-all/bzyivzo6n839fup2jbap0tjew/gradle-4.1/lib/plugins/gradle-language-native-4.1.jar
7f6b382a3000-7f6b382a5000 r--s 00005000 08:07 1322034                    /home/karim/.gradle/wrapper/dists/gradle-4.1-all/bzyivzo6n839fup2jbap0tjew/gradle-4.1/lib/plugins/gradle-language-jvm-4.1.jar
7f6b382a5000-7f6b382ac000 r--s 0002f000 08:07 1322033                    /home/karim/.gradle/wrapper/dists/gradle-4.1-all/bzyivzo6n839fup2jbap0tjew/gradle-4.1/lib/plugins/gradle-language-java-4.1.jar
7f6b382ac000-7f6b382af000 r--s 0000a000 08:07 1322030                    /home/karim/.gradle/wrapper/dists/gradle-4.1-all/bzyivzo6n839fup2jbap0tjew/gradle-4.1/lib/plugins/gradle-language-groovy-4.1.jar
7f6b382af000-7f6b382b6000 r--s 00035000 08:07 1322063                    /home/karim/.gradle/wrapper/dists/gradle-4.1-all/bzyivzo6n839fup2jbap0tjew/gradle-4.1/lib/plugins/simple-4.1.21.jar
7f6b382b6000-7f6b382c2000 r--s 00100000 08:07 1322061                    /home/karim/.gradle/wrapper/dists/gradle-4.1-all/bzyivzo6n839fup2jbap0tjew/gradle-4.1/lib/plugins/rhino-1.7R3.jar
7f6b382c2000-7f6b382c6000 r--s 00012000 08:07 1322021                    /home/karim/.gradle/wrapper/dists/gradle-4.1-all/bzyivzo6n839fup2jbap0tjew/gradle-4.1/lib/plugins/gradle-javascript-4.1.jar
7f6b382c6000-7f6b382c9000 r--s 00011000 08:07 1322023                    /home/karim/.gradle/wrapper/dists/gradle-4.1-all/bzyivzo6n839fup2jbap0tjew/gradle-4.1/lib/plugins/gradle-jacoco-4.1.jar
7f6b382c9000-7f6b382cc000 r--s 0000e000 08:07 1322022                    /home/karim/.gradle/wrapper/dists/gradle-4.1-all/bzyivzo6n839fup2jbap0tjew/gradle-4.1/lib/plugins/gradle-ivy-4.1.jar
7f6b382cc000-7f6b382cd000 r--s 00002000 08:07 1322014                    /home/karim/.gradle/wrapper/dists/gradle-4.1-all/bzyivzo6n839fup2jbap0tjew/gradle-4.1/lib/plugins/gradle-ide-play-4.1.jar
7f6b382cd000-7f6b382d0000 r--s 00013000 08:07 1322015                    /home/karim/.gradle/wrapper/dists/gradle-4.1-all/bzyivzo6n839fup2jbap0tjew/gradle-4.1/lib/plugins/gradle-ide-native-4.1.jar
7f6b382d0000-7f6b382da000 r--s 00054000 08:07 1322016                    /home/karim/.gradle/wrapper/dists/gradle-4.1-all/bzyivzo6n839fup2jbap0tjew/gradle-4.1/lib/plugins/gradle-ide-4.1.jar
7f6b382da000-7f6b382dc000 r--s 00007000 08:07 1322019                    /home/karim/.gradle/wrapper/dists/gradle-4.1-all/bzyivzo6n839fup2jbap0tjew/gradle-4.1/lib/plugins/gradle-ear-4.1.jar
7f6b382dc000-7f6b382de000 r--s 00005000 08:07 1322051                    /home/karim/.gradle/wrapper/dists/gradle-4.1-all/bzyivzo6n839fup2jbap0tjew/gradle-4.1/lib/plugins/jatl-0.2.2.jar
7f6b382de000-7f6b382e5000 r--s 00038000 08:07 1322039                    /home/karim/.gradle/wrapper/dists/gradle-4.1-all/bzyivzo6n839fup2jbap0tjew/gradle-4.1/lib/plugins/gradle-diagnostics-4.1.jar
7f6b382e5000-7f6b382e7000 r--s 0000b000 08:07 1322028                    /home/karim/.gradle/wrapper/dists/gradle-4.1-all/bzyivzo6n839fup2jbap0tjew/gradle-4.1/lib/plugins/gradle-composite-builds-4.1.jar
7f6b382e7000-7f6b382ec000 r--s 00025000 08:07 1322008                    /home/karim/.gradle/wrapper/dists/gradle-4.1-all/bzyivzo6n839fup2jbap0tjew/gradle-4.1/lib/plugins/gradle-code-quality-4.1.jar
7f6b382ec000-7f6b382f1000 r--s 00022000 08:07 1322024                    /home/karim/.gradle/wrapper/dists/gradle-4.1-all/bzyivzo6n839fup2jbap0tjew/gradle-4.1/lib/plugins/gradle-build-init-4.1.jar
7f6b382f1000-7f6b382f7000 r--s 0008e000 08:07 1322018                    /home/karim/.gradle/wrapper/dists/gradle-4.1-all/bzyivzo6n839fup2jbap0tjew/gradle-4.1/lib/plugins/gradle-build-comparison-4.1.jar
7f6b382f7000-7f6b382f8000 r--s 00002000 08:07 1322046                    /home/karim/.gradle/wrapper/dists/gradle-4.1-all/bzyivzo6n839fup2jbap0tjew/gradle-4.1/lib/plugins/gradle-build-cache-http-4.1.jar
7f6b382f8000-7f6b382fa000 r--s 00008000 08:07 1322009                    /home/karim/.gradle/wrapper/dists/gradle-4.1-all/bzyivzo6n839fup2jbap0tjew/gradle-4.1/lib/plugins/gradle-antlr-4.1.jar
7f6b382fa000-7f6b382fc000 r--s 00004000 08:07 1322029                    /home/karim/.gradle/wrapper/dists/gradle-4.1-all/bzyivzo6n839fup2jbap0tjew/gradle-4.1/lib/plugins/gradle-announce-4.1.jar
7f6b382fc000-7f6b382fe000 r--s 00008000 08:07 1321949                    /home/karim/.gradle/wrapper/dists/gradle-4.1-all/bzyivzo6n839fup2jbap0tjew/gradle-4.1/lib/gradle-kotlin-dsl-tooling-builders-0.10.3.jar
7f6b382fe000-7f6b38301000 r--s 0001c000 08:07 1322067                    /home/karim/.gradle/wrapper/dists/gradle-4.1-all/bzyivzo6n839fup2jbap0tjew/gradle-4.1/lib/plugins/nekohtml-1.9.14.jar
7f6b38301000-7f6b38309000 r--s 00028000 08:07 1322108                    /home/karim/.gradle/wrapper/dists/gradle-4.1-all/bzyivzo6n839fup2jbap0tjew/gradle-4.1/lib/plugins/xml-apis-1.3.04.jar
7f6b38309000-7f6b38321000 r--s 00115000 08:07 1322068                    /home/karim/.gradle/wrapper/dists/gradle-4.1-all/bzyivzo6n839fup2jbap0tjew/gradle-4.1/lib/plugins/xercesImpl-2.9.1.jar
7f6b38321000-7f6b38327000 r--s 0005b000 08:07 1322066                    /home/karim/.gradle/wrapper/dists/gradle-4.1-all/bzyivzo6n839fup2jbap0tjew/gradle-4.1/lib/plugins/jcifs-1.3.17.jar
7f6b38327000-7f6b3832e000 r--s 00049000 08:07 1322107                    /home/karim/.gradle/wrapper/dists/gradle-4.1-all/bzyivzo6n839fup2jbap0tjew/gradle-4.1/lib/plugins/httpcore-4.4.4.jar
7f6b3832e000-7f6b38334000 r--s 00033000 08:07 1322059                    /home/karim/.gradle/wrapper/dists/gradle-4.1-all/bzyivzo6n839fup2jbap0tjew/gradle-4.1/lib/plugins/commons-codec-1.6.jar
7f6b38334000-7f6b38341000 r--s 000a4000 08:07 1322052                    /home/karim/.gradle/wrapper/dists/gradle-4.1-all/bzyivzo6n839fup2jbap0tjew/gradle-4.1/lib/plugins/httpclient-4.4.1.jar
7f6b38341000-7f6b38343000 r--s 0000b000 08:07 1322047                    /home/karim/.gradle/wrapper/dists/gradle-4.1-all/bzyivzo6n839fup2jbap0tjew/gradle-4.1/lib/plugins/gradle-resources-http-4.1.jar
7f6b38343000-7f6b38347000 r--s 00017000 08:07 1322044                    /home/karim/.gradle/wrapper/dists/gradle-4.1-all/bzyivzo6n839fup2jbap0tjew/gradle-4.1/lib/plugins/gradle-plugin-use-4.1.jar
7f6b38347000-7f6b38348000 r--s 00000000 08:07 1321955                    /home/karim/.gradle/wrapper/dists/gradle-4.1-all/bzyivzo6n839fup2jbap0tjew/gradle-4.1/lib/gradle-runtime-api-info-4.1.jar
7f6b38348000-7f6b38349000 r--s 00000000 08:07 1321958                    /home/karim/.gradle/wrapper/dists/gradle-4.1-all/bzyivzo6n839fup2jbap0tjew/gradle-4.1/lib/gradle-installation-beacon-4.1.jar
7f6b38349000-7f6b38389000 r--s 00277000 08:07 1322079                    /home/karim/.gradle/wrapper/dists/gradle-4.1-all/bzyivzo6n839fup2jbap0tjew/gradle-4.1/lib/plugins/bcprov-jdk15on-1.51.jar
7f6b38389000-7f6b3838d000 r--s 0001d000 08:07 1322078                    /home/karim/.gradle/wrapper/dists/gradle-4.1-all/bzyivzo6n839fup2jbap0tjew/gradle-4.1/lib/plugins/xbean-reflect-3.4.jar
7f6b3838d000-7f6b3838f000 r--s 0000a000 08:07 1322080                    /home/karim/.gradle/wrapper/dists/gradle-4.1-all/bzyivzo6n839fup2jbap0tjew/gradle-4.1/lib/plugins/maven-settings-3.0.4.jar
7f6b3838f000-7f6b38392000 r--s 00008000 08:07 1322081                    /home/karim/.gradle/wrapper/dists/gradle-4.1-all/bzyivzo6n839fup2jbap0tjew/gradle-4.1/lib/plugins/maven-settings-builder-3.0.4.jar
7f6b38392000-7f6b38396000 r--s 00033000 08:07 1322082                    /home/karim/.gradle/wrapper/dists/gradle-4.1-all/bzyivzo6n839fup2jbap0tjew/gradle-4.1/lib/plugins/plexus-utils-2.0.6.jar
7f6b38396000-7f6b38398000 r--s 0000d000 08:07 1322083                    /home/karim/.gradle/wrapper/dists/gradle-4.1-all/bzyivzo6n839fup2jbap0tjew/gradle-4.1/lib/plugins/plexus-interpolation-1.14.jar
7f6b38398000-7f6b3839a000 r--s 00000000 08:07 1322058                    /home/karim/.gradle/wrapper/dists/gradle-4.1-all/bzyivzo6n839fup2jbap0tjew/gradle-4.1/lib/plugins/plexus-component-annotations-1.5.5.jar
7f6b3839a000-7f6b383a1000 r--s 0002e000 08:07 1322084                    /home/karim/.gradle/wrapper/dists/gradle-4.1-all/bzyivzo6n839fup2jbap0tjew/gradle-4.1/lib/plugins/plexus-container-default-1.5.5.jar
7f6b383a1000-7f6b383a3000 r--s 0000a000 08:07 1322085                    /home/karim/.gradle/wrapper/dists/gradle-4.1-all/bzyivzo6n839fup2jbap0tjew/gradle-4.1/lib/plugins/plexus-classworlds-2.4.jar
7f6b383a3000-7f6b383a5000 r--s 00002000 08:07 1322086                    /home/karim/.gradle/wrapper/dists/gradle-4.1-all/bzyivzo6n839fup2jbap0tjew/gradle-4.1/lib/plugins/plexus-cipher-1.7.jar
7f6b383a5000-7f6b383a6000 r--s 00006000 08:07 1322087                    /home/karim/.gradle/wrapper/dists/gradle-4.1-all/bzyivzo6n839fup2jbap0tjew/gradle-4.1/lib/plugins/plexus-sec-dispatcher-1.3.jar
7f6b383a6000-7f6b383ac000 r--s 0003f000 08:07 1322088                    /home/karim/.gradle/wrapper/dists/gradle-4.1-all/bzyivzo6n839fup2jbap0tjew/gradle-4.1/lib/plugins/maven-compat-3.0.4.jar
7f6b383ac000-7f6b383b0000 r--s 00021000 08:07 1322089                    /home/karim/.gradle/wrapper/dists/gradle-4.1-all/bzyivzo6n839fup2jbap0tjew/gradle-4.1/lib/plugins/maven-model-builder-3.0.4.jar
7f6b383b0000-7f6b383b2000 r--s 00026000 08:07 1322090                    /home/karim/.gradle/wrapper/dists/gradle-4.1-all/bzyivzo6n839fup2jbap0tjew/gradle-4.1/lib/plugins/maven-model-3.0.4.jar
7f6b383b2000-7f6b383b4000 r--s 0000b000 08:07 1322091                    /home/karim/.gradle/wrapper/dists/gradle-4.1-all/bzyivzo6n839fup2jbap0tjew/gradle-4.1/lib/plugins/maven-artifact-3.0.4.jar
7f6b383b4000-7f6b383b6000 r--s 00006000 08:07 1322092                    /home/karim/.gradle/wrapper/dists/gradle-4.1-all/bzyivzo6n839fup2jbap0tjew/gradle-4.1/lib/plugins/maven-repository-metadata-3.0.4.jar
7f6b383b6000-7f6b383b8000 r--s 0000b000 08:07 1322093                    /home/karim/.gradle/wrapper/dists/gradle-4.1-all/bzyivzo6n839fup2jbap0tjew/gradle-4.1/lib/plugins/maven-plugin-api-3.0.4.jar
7f6b383b8000-7f6b383ba000 r--s 0000c000 08:07 1322094                    /home/karim/.gradle/wrapper/dists/gradle-4.1-all/bzyivzo6n839fup2jbap0tjew/gradle-4.1/lib/plugins/maven-aether-provider-3.0.4.jar
7f6b383ba000-7f6b383bb000 r--s 00002000 08:07 1322095                    /home/karim/.gradle/wrapper/dists/gradle-4.1-all/bzyivzo6n839fup2jbap0tjew/gradle-4.1/lib/plugins/wagon-file-2.4.jar
7f6b383bb000-7f6b383bc000 r--s 00002000 08:07 1322096                    /home/karim/.gradle/wrapper/dists/gradle-4.1-all/bzyivzo6n839fup2jbap0tjew/gradle-4.1/lib/plugins/wagon-http-2.4.jar
7f6b383bc000-7f6b383be000 r--s 0000b000 08:07 1322097                    /home/karim/.gradle/wrapper/dists/gradle-4.1-all/bzyivzo6n839fup2jbap0tjew/gradle-4.1/lib/plugins/wagon-provider-api-2.4.jar
7f6b383be000-7f6b383c1000 r--s 00013000 08:07 1322099                    /home/karim/.gradle/wrapper/dists/gradle-4.1-all/bzyivzo6n839fup2jbap0tjew/gradle-4.1/lib/plugins/aether-api-1.13.1.jar
7f6b383c1000-7f6b383c4000 r--s 0001d000 08:07 1322100                    /home/karim/.gradle/wrapper/dists/gradle-4.1-all/bzyivzo6n839fup2jbap0tjew/gradle-4.1/lib/plugins/aether-impl-1.13.1.jar
7f6b383c4000-7f6b383c8000 r--s 0001c000 08:07 1322102                    /home/karim/.gradle/wrapper/dists/gradle-4.1-all/bzyivzo6n839fup2jbap0tjew/gradle-4.1/lib/plugins/aether-util-1.13.1.jar
7f6b383c8000-7f6b383d4000 r--s 0007d000 08:07 1322055                    /home/karim/.gradle/wrapper/dists/gradle-4.1-all/bzyivzo6n839fup2jbap0tjew/gradle-4.1/lib/plugins/maven-core-3.0.4.jar
7f6b383d4000-7f6b383d9000 r--s 00034000 08:07 1322062                    /home/karim/.gradle/wrapper/dists/gradle-4.1-all/bzyivzo6n839fup2jbap0tjew/gradle-4.1/lib/plugins/gson-2.7.jar
7f6b383d9000-7f6b383de000 r--s 00040000 08:07 1322070                    /home/karim/.gradle/wrapper/dists/gradle-4.1-all/bzyivzo6n839fup2jbap0tjew/gradle-4.1/lib/plugins/jsch-0.1.54.jar
7f6b383de000-7f6b38402000 r--s 0011a000 08:07 1322050                    /home/karim/.gradle/wrapper/dists/gradle-4.1-all/bzyivzo6n839fup2jbap0tjew/gradle-4.1/lib/plugins/gradle-dependency-management-4.1.jar
7f6b38402000-7f6b38419000 r-xp 00000000 08:07 918563                     /lib/x86_64-linux-gnu/libgcc_s.so.1
7f6b38419000-7f6b38618000 ---p 00017000 08:07 918563                     /lib/x86_64-linux-gnu/libgcc_s.so.1
7f6b38618000-7f6b38619000 r--p 00016000 08:07 918563                     /lib/x86_64-linux-gnu/libgcc_s.so.1
7f6b38619000-7f6b3861a000 rw-p 00017000 08:07 918563                     /lib/x86_64-linux-gnu/libgcc_s.so.1
7f6b3861a000-7f6b38793000 r-xp 00000000 08:07 1179701                    /usr/lib/x86_64-linux-gnu/libstdc++.so.6.0.25
7f6b38793000-7f6b38993000 ---p 00179000 08:07 1179701                    /usr/lib/x86_64-linux-gnu/libstdc++.so.6.0.25
7f6b38993000-7f6b3899d000 r--p 00179000 08:07 1179701                    /usr/lib/x86_64-linux-gnu/libstdc++.so.6.0.25
7f6b3899d000-7f6b3899f000 rw-p 00183000 08:07 1179701                    /usr/lib/x86_64-linux-gnu/libstdc++.so.6.0.25
7f6b3899f000-7f6b389a3000 rw-p 00000000 00:00 0 
7f6b389a3000-7f6b389a4000 r--s 00007000 08:07 1322098                    /home/karim/.gradle/wrapper/dists/gradle-4.1-all/bzyivzo6n839fup2jbap0tjew/gradle-4.1/lib/plugins/wagon-http-shared4-2.4.jar
7f6b389a4000-7f6b389a5000 r--s 00003000 08:07 1322101                    /home/karim/.gradle/wrapper/dists/gradle-4.1-all/bzyivzo6n839fup2jbap0tjew/gradle-4.1/lib/plugins/aether-spi-1.13.1.jar
7f6b389a5000-7f6b389a7000 r--s 00006000 08:07 1322103                    /home/karim/.gradle/wrapper/dists/gradle-4.1-all/bzyivzo6n839fup2jbap0tjew/gradle-4.1/lib/plugins/aether-connector-wagon-1.13.1.jar
7f6b389a7000-7f6b389b6000 r--s 000d9000 08:07 1322069                    /home/karim/.gradle/wrapper/dists/gradle-4.1-all/bzyivzo6n839fup2jbap0tjew/gradle-4.1/lib/plugins/ivy-2.2.0.jar
7f6b389b6000-7f6b389b9000 r--s 0000d000 08:07 1322049                    /home/karim/.gradle/wrapper/dists/gradle-4.1-all/bzyivzo6n839fup2jbap0tjew/gradle-4.1/lib/plugins/gradle-workers-4.1.jar
7f6b389b9000-7f6b389be000 r-xp 00000000 08:07 798609                     /home/karim/.gradle/native/25/linux-amd64/libnative-platform.so
7f6b389be000-7f6b38bbd000 ---p 00005000 08:07 798609                     /home/karim/.gradle/native/25/linux-amd64/libnative-platform.so
7f6b38bbd000-7f6b38bbe000 rw-p 00004000 08:07 798609                     /home/karim/.gradle/native/25/linux-amd64/libnative-platform.so
7f6b38bbe000-7f6b38bcf000 r-xp 00000000 08:07 793096                     /home/karim/Downloads/android-studio/jre/jre/lib/amd64/libnio.so
7f6b38bcf000-7f6b38dce000 ---p 00011000 08:07 793096                     /home/karim/Downloads/android-studio/jre/jre/lib/amd64/libnio.so
7f6b38dce000-7f6b38dcf000 r--p 00010000 08:07 793096                     /home/karim/Downloads/android-studio/jre/jre/lib/amd64/libnio.so
7f6b38dcf000-7f6b38dd0000 rw-p 00011000 08:07 793096                     /home/karim/Downloads/android-studio/jre/jre/lib/amd64/libnio.so
7f6b38dd0000-7f6b38de6000 r-xp 00000000 08:07 793105                     /home/karim/Downloads/android-studio/jre/jre/lib/amd64/libnet.so
7f6b38de6000-7f6b38fe5000 ---p 00016000 08:07 793105                     /home/karim/Downloads/android-studio/jre/jre/lib/amd64/libnet.so
7f6b38fe5000-7f6b38fe6000 r--p 00015000 08:07 793105                     /home/karim/Downloads/android-studio/jre/jre/lib/amd64/libnet.so
7f6b38fe6000-7f6b38fe7000 rw-p 00016000 08:07 793105                     /home/karim/Downloads/android-studio/jre/jre/lib/amd64/libnet.so
7f6b38fe7000-7f6b38fe8000 r--s 00006000 08:07 1321957                    /home/karim/.gradle/wrapper/dists/gradle-4.1-all/bzyivzo6n839fup2jbap0tjew/gradle-4.1/lib/gradle-wrapper-4.1.jar
7f6b38fe8000-7f6b38ff5000 r--s 00043000 08:07 1321956                    /home/karim/.gradle/wrapper/dists/gradle-4.1-all/bzyivzo6n839fup2jbap0tjew/gradle-4.1/lib/gradle-tooling-api-4.1.jar
7f6b38ff5000-7f6b39004000 r--s 000c8000 08:07 1321953                    /home/karim/.gradle/wrapper/dists/gradle-4.1-all/bzyivzo6n839fup2jbap0tjew/gradle-4.1/lib/kotlin-stdlib-1.1.3-2.jar
7f6b39004000-7f6b39036000 r--s 0021b000 08:07 1321952                    /home/karim/.gradle/wrapper/dists/gradle-4.1-all/bzyivzo6n839fup2jbap0tjew/gradle-4.1/lib/kotlin-reflect-1.1.3-2.jar
7f6b39036000-7f6b391ed000 r--s 01786000 08:07 1321951                    /home/karim/.gradle/wrapper/dists/gradle-4.1-all/bzyivzo6n839fup2jbap0tjew/gradle-4.1/lib/kotlin-compiler-embeddable-1.1.3-2.jar
7f6b391ed000-7f6b391ee000 r--s 00000000 08:07 1321950                    /home/karim/.gradle/wrapper/dists/gradle-4.1-all/bzyivzo6n839fup2jbap0tjew/gradle-4.1/lib/gradle-kotlin-dsl-tooling-models-0.10.3.jar
7f6b391ee000-7f6b391ef000 r--s 00001000 08:07 1321948                    /home/karim/.gradle/wrapper/dists/gradle-4.1-all/bzyivzo6n839fup2jbap0tjew/gradle-4.1/lib/gradle-kotlin-dsl-compiler-plugin-0.10.3.jar
7f6b391ef000-7f6b391f1000 r--s 00003000 08:07 1321946                    /home/karim/.gradle/wrapper/dists/gradle-4.1-all/bzyivzo6n839fup2jbap0tjew/gradle-4.1/lib/annotations-13.0.jar
7f6b391f1000-7f6b391fb000 r--s 00073000 08:07 1321947                    /home/karim/.gradle/wrapper/dists/gradle-4.1-all/bzyivzo6n839fup2jbap0tjew/gradle-4.1/lib/gradle-kotlin-dsl-0.10.3.jar
7f6b391fb000-7f6b39200000 r--s 00013000 08:07 1321963                    /home/karim/.gradle/wrapper/dists/gradle-4.1-all/bzyivzo6n839fup2jbap0tjew/gradle-4.1/lib/gradle-resources-4.1.jar
7f6b39200000-7f6b39202000 r--s 00005000 08:07 1321970                    /home/karim/.gradle/wrapper/dists/gradle-4.1-all/bzyivzo6n839fup2jbap0tjew/gradle-4.1/lib/gradle-cli-4.1.jar
7f6b39202000-7f6b39204000 r--s 00003000 08:07 1321977                    /home/karim/.gradle/wrapper/dists/gradle-4.1-all/bzyivzo6n839fup2jbap0tjew/gradle-4.1/lib/jcl-over-slf4j-1.7.10.jar
7f6b39204000-7f6b39205000 r--s 00005000 08:07 1321976                    /home/karim/.gradle/wrapper/dists/gradle-4.1-all/bzyivzo6n839fup2jbap0tjew/gradle-4.1/lib/log4j-over-slf4j-1.7.10.jar
7f6b39205000-7f6b39207000 r--s 00000000 08:07 1321975                    /home/karim/.gradle/wrapper/dists/gradle-4.1-all/bzyivzo6n839fup2jbap0tjew/gradle-4.1/lib/jul-to-slf4j-1.7.10.jar
7f6b39207000-7f6b3920e000 r--s 0002c000 08:07 1321961                    /home/karim/.gradle/wrapper/dists/gradle-4.1-all/bzyivzo6n839fup2jbap0tjew/gradle-4.1/lib/gradle-logging-4.1.jar
7f6b3920e000-7f6b3921e000 r--s 00082000 08:07 1321966                    /home/karim/.gradle/wrapper/dists/gradle-4.1-all/bzyivzo6n839fup2jbap0tjew/gradle-4.1/lib/gradle-model-core-4.1.jar
7f6b3921e000-7f6b39220000 r--s 00006000 08:07 1321967                    /home/karim/.gradle/wrapper/dists/gradle-4.1-all/bzyivzo6n839fup2jbap0tjew/gradle-4.1/lib/gradle-base-services-groovy-4.1.jar
7f6b39220000-7f6b39222000 r--s 00007000 08:07 1321965                    /home/karim/.gradle/wrapper/dists/gradle-4.1-all/bzyivzo6n839fup2jbap0tjew/gradle-4.1/lib/gradle-model-groovy-4.1.jar
7f6b39222000-7f6b39223000 r--s 00002000 08:07 1321988                    /home/karim/.gradle/wrapper/dists/gradle-4.1-all/bzyivzo6n839fup2jbap0tjew/gradle-4.1/lib/gradle-docs-4.1.jar
7f6b39223000-7f6b39230000 r--s 00083000 08:07 1321986                    /home/karim/.gradle/wrapper/dists/gradle-4.1-all/bzyivzo6n839fup2jbap0tjew/gradle-4.1/lib/commons-collections-3.2.2.jar
7f6b39230000-7f6b39231000 r--s 00000000 08:07 1321985                    /home/karim/.gradle/wrapper/dists/gradle-4.1-all/bzyivzo6n839fup2jbap0tjew/gradle-4.1/lib/javax.inject-1.jar
7f6b39231000-7f6b392a1000 r--s 00645000 08:07 1321983                    /home/karim/.gradle/wrapper/dists/gradle-4.1-all/bzyivzo6n839fup2jbap0tjew/gradle-4.1/lib/groovy-all-2.4.11.jar
7f6b392a1000-7f6b392a4000 r--s 00023000 08:07 1321989                    /home/karim/.gradle/wrapper/dists/gradle-4.1-all/bzyivzo6n839fup2jbap0tjew/gradle-4.1/lib/jansi-1.14.jar
7f6b392a4000-7f6b392a5000 r--s 00004000 08:07 1321991                    /home/karim/.gradle/wrapper/dists/gradle-4.1-all/bzyivzo6n839fup2jbap0tjew/gradle-4.1/lib/native-platform-freebsd-amd64-libcpp-0.14.jar
7f6b392a5000-7f6b392a6000 r--s 00004000 08:07 1321992                    /home/karim/.gradle/wrapper/dists/gradle-4.1-all/bzyivzo6n839fup2jbap0tjew/gradle-4.1/lib/native-platform-freebsd-amd64-libstdcpp-0.14.jar
7f6b392a6000-7f6b392a7000 r--s 00004000 08:07 1321993                    /home/karim/.gradle/wrapper/dists/gradle-4.1-all/bzyivzo6n839fup2jbap0tjew/gradle-4.1/lib/native-platform-freebsd-i386-libcpp-0.14.jar
7f6b392a7000-7f6b392a8000 r--s 00003000 08:07 1321994                    /home/karim/.gradle/wrapper/dists/gradle-4.1-all/bzyivzo6n839fup2jbap0tjew/gradle-4.1/lib/native-platform-freebsd-i386-libstdcpp-0.14.jar
7f6b392a8000-7f6b392a9000 r--s 00002000 08:07 1321995                    /home/karim/.gradle/wrapper/dists/gradle-4.1-all/bzyivzo6n839fup2jbap0tjew/gradle-4.1/lib/native-platform-linux-amd64-0.14.jar
7f6b392a9000-7f6b392aa000 r--s 00002000 08:07 1321996                    /home/karim/.gradle/wrapper/dists/gradle-4.1-all/bzyivzo6n839fup2jbap0tjew/gradle-4.1/lib/native-platform-linux-i386-0.14.jar
7f6b392aa000-7f6b392ac000 r--s 00002000 08:07 1321997                    /home/karim/.gradle/wrapper/dists/gradle-4.1-all/bzyivzo6n839fup2jbap0tjew/gradle-4.1/lib/native-platform-osx-amd64-0.14.jar
7f6b392ac000-7f6b392ad000 r--s 00003000 08:07 1321998                    /home/karim/.gradle/wrapper/dists/gradle-4.1-all/bzyivzo6n839fup2jbap0tjew/gradle-4.1/lib/native-platform-osx-i386-0.14.jar
7f6b392ad000-7f6b392af000 r--s 0000b000 08:07 1321999                    /home/karim/.gradle/wrapper/dists/gradle-4.1-all/bzyivzo6n839fup2jbap0tjew/gradle-4.1/lib/native-platform-windows-amd64-0.14.jar
7f6b392af000-7f6b392b0000 r--s 0000b000 08:07 1322000                    /home/karim/.gradle/wrapper/dists/gradle-4.1-all/bzyivzo6n839fup2jbap0tjew/gradle-4.1/lib/native-platform-windows-i386-0.14.jar
7f6b392b0000-7f6b392b1000 r--s 00001000 08:07 1322001                    /home/karim/.gradle/wrapper/dists/gradle-4.1-all/bzyivzo6n839fup2jbap0tjew/gradle-4.1/lib/native-platform-linux-amd64-ncurses5-0.14.jar
7f6b392b1000-7f6b392b2000 r--s 00001000 08:07 1322002                    /home/karim/.gradle/wrapper/dists/gradle-4.1-all/bzyivzo6n839fup2jbap0tjew/gradle-4.1/lib/native-platform-linux-amd64-ncurses6-0.14.jar
7f6b392b2000-7f6b392b3000 r--s 00001000 08:07 1322003                    /home/karim/.gradle/wrapper/dists/gradle-4.1-all/bzyivzo6n839fup2jbap0tjew/gradle-4.1/lib/native-platform-linux-i386-ncurses5-0.14.jar
7f6b392b3000-7f6b392b4000 r--s 00001000 08:07 1322004                    /home/karim/.gradle/wrapper/dists/gradle-4.1-all/bzyivzo6n839fup2jbap0tjew/gradle-4.1/lib/native-platform-linux-i386-ncurses6-0.14.jar
7f6b392b4000-7f6b392b8000 r--s 00012000 08:07 1321987                    /home/karim/.gradle/wrapper/dists/gradle-4.1-all/bzyivzo6n839fup2jbap0tjew/gradle-4.1/lib/native-platform-0.14.jar
7f6b392b8000-7f6b392bb000 r--s 0000c000 08:07 1321964                    /home/karim/.gradle/wrapper/dists/gradle-4.1-all/bzyivzo6n839fup2jbap0tjew/gradle-4.1/lib/gradle-native-4.1.jar
7f6b392bb000-7f6b392bd000 r--s 0000f000 08:07 1321972                    /home/karim/.gradle/wrapper/dists/gradle-4.1-all/bzyivzo6n839fup2jbap0tjew/gradle-4.1/lib/reflectasm-1.07-shaded.jar
7f6b392bd000-7f6b392bf000 r--s 00000000 08:07 1322005                    /home/karim/.gradle/wrapper/dists/gradle-4.1-all/bzyivzo6n839fup2jbap0tjew/gradle-4.1/lib/minlog-1.2.jar
7f6b392bf000-7f6b392c1000 r--s 00007000 08:07 1322006                    /home/karim/.gradle/wrapper/dists/gradle-4.1-all/bzyivzo6n839fup2jbap0tjew/gradle-4.1/lib/objenesis-1.2.jar
7f6b392c1000-7f6b392c5000 r--s 00026000 08:07 1321971                    /home/karim/.gradle/wrapper/dists/gradle-4.1-all/bzyivzo6n839fup2jbap0tjew/gradle-4.1/lib/kryo-2.20.jar
7f6b392c5000-7f6b392cb000 r--s 0002b000 08:07 1321968                    /home/karim/.gradle/wrapper/dists/gradle-4.1-all/bzyivzo6n839fup2jbap0tjew/gradle-4.1/lib/gradle-messaging-4.1.jar
7f6b392cb000-7f6b392d0000 r--s 00041000 08:07 1321981                    /home/karim/.gradle/wrapper/dists/gradle-4.1-all/bzyivzo6n839fup2jbap0tjew/gradle-4.1/lib/commons-lang-2.6.jar
7f6b392d0000-7f6b392f8000 r--s 001cf000 08:07 1321979                    /home/karim/.gradle/wrapper/dists/gradle-4.1-all/bzyivzo6n839fup2jbap0tjew/gradle-4.1/lib/guava-jdk5-17.0.jar
7f6b392f8000-7f6b39317000 r--s 001d1000 08:07 1321984                    /home/karim/.gradle/wrapper/dists/gradle-4.1-all/bzyivzo6n839fup2jbap0tjew/gradle-4.1/lib/ant-1.9.6.jar
7f6b39317000-7f6b39318000 ---p 00000000 00:00 0 
7f6b39318000-7f6b39418000 rw-p 00000000 00:00 0 
7f6b39418000-7f6b3941b000 ---p 00000000 00:00 0 
7f6b3941b000-7f6b39519000 rw-p 00000000 00:00 0 
7f6b39519000-7f6b3951a000 ---p 00000000 00:00 0 
7f6b3951a000-7f6b3951d000 ---p 00000000 00:00 0 
7f6b3951d000-7f6b3961a000 rw-p 00000000 00:00 0 
7f6b3961a000-7f6b3a000000 r--p 00000000 08:07 1185645                    /usr/lib/locale/locale-archive
7f6b3a000000-7f6b3c000000 rw-p 00000000 00:00 0 
7f6b3c000000-7f6b3c030000 rw-p 00000000 00:00 0 
7f6b3c030000-7f6b40000000 ---p 00000000 00:00 0 
7f6b40000000-7f6b40002000 r--s 00006000 08:07 1321962                    /home/karim/.gradle/wrapper/dists/gradle-4.1-all/bzyivzo6n839fup2jbap0tjew/gradle-4.1/lib/gradle-process-services-4.1.jar
7f6b40002000-7f6b4004c000 r--s 00253000 08:07 1321959                    /home/karim/.gradle/wrapper/dists/gradle-4.1-all/bzyivzo6n839fup2jbap0tjew/gradle-4.1/lib/gradle-core-4.1.jar
7f6b4004c000-7f6b4004d000 ---p 00000000 00:00 0 
7f6b4004d000-7f6b40050000 ---p 00000000 00:00 0 
7f6b40050000-7f6b4014d000 rw-p 00000000 00:00 0 
7f6b4014d000-7f6b4014e000 ---p 00000000 00:00 0 
7f6b4014e000-7f6b40151000 ---p 00000000 00:00 0 
7f6b40151000-7f6b4024e000 rw-p 00000000 00:00 0 
7f6b4024e000-7f6b40251000 ---p 00000000 00:00 0 
7f6b40251000-7f6b4034f000 rw-p 00000000 00:00 0 
7f6b4034f000-7f6b40352000 ---p 00000000 00:00 0 
7f6b40352000-7f6b40450000 rw-p 00000000 00:00 0 
7f6b40450000-7f6b40453000 ---p 00000000 00:00 0 
7f6b40453000-7f6b40551000 rw-p 00000000 00:00 0 
7f6b40551000-7f6b40552000 ---p 00000000 00:00 0 
7f6b40552000-7f6b41000000 rw-p 00000000 00:00 0 
7f6b41000000-7f6b42ef0000 rwxp 00000000 00:00 0 
7f6b42ef0000-7f6b50000000 ---p 00000000 00:00 0 
7f6b50000000-7f6b50ca2000 rw-p 00000000 00:00 0 
7f6b50ca2000-7f6b54000000 ---p 00000000 00:00 0 
7f6b54000000-7f6b54002000 r--s 00000000 08:07 1321960                    /home/karim/.gradle/wrapper/dists/gradle-4.1-all/bzyivzo6n839fup2jbap0tjew/gradle-4.1/lib/gradle-jvm-services-4.1.jar
7f6b54002000-7f6b54003000 r--s 00000000 08:07 1321982                    /home/karim/.gradle/wrapper/dists/gradle-4.1-all/bzyivzo6n839fup2jbap0tjew/gradle-4.1/lib/jcip-annotations-1.0.jar
7f6b54003000-7f6b54006000 r--s 00006000 08:07 1321980                    /home/karim/.gradle/wrapper/dists/gradle-4.1-all/bzyivzo6n839fup2jbap0tjew/gradle-4.1/lib/jsr305-1.3.9.jar
7f6b54006000-7f6b54007000 r--s 00007000 08:07 1321978                    /home/karim/.gradle/wrapper/dists/gradle-4.1-all/bzyivzo6n839fup2jbap0tjew/gradle-4.1/lib/slf4j-api-1.7.10.jar
7f6b54007000-7f6b5400b000 r--s 00027000 08:07 1321974                    /home/karim/.gradle/wrapper/dists/gradle-4.1-all/bzyivzo6n839fup2jbap0tjew/gradle-4.1/lib/commons-io-2.2.jar
7f6b5400b000-7f6b54013000 r--s 000bd000 08:07 1321973                    /home/karim/.gradle/wrapper/dists/gradle-4.1-all/bzyivzo6n839fup2jbap0tjew/gradle-4.1/lib/asm-debug-all-6.0_ALPHA.jar
7f6b54013000-7f6b54014000 r--s 00004000 08:07 1321990                    /home/karim/.gradle/wrapper/dists/gradle-4.1-all/bzyivzo6n839fup2jbap0tjew/gradle-4.1/lib/ant-launcher-1.9.6.jar
7f6b54014000-7f6b54020000 r--s 00053000 08:07 1321969                    /home/karim/.gradle/wrapper/dists/gradle-4.1-all/bzyivzo6n839fup2jbap0tjew/gradle-4.1/lib/gradle-base-services-4.1.jar
7f6b54020000-7f6b54626000 rw-p 00000000 00:00 0 
7f6b54626000-7f6b547f6000 r--s 03c54000 08:07 537463                     /home/karim/Downloads/android-studio/jre/jre/lib/rt.jar
7f6b547f6000-7f6b5526c000 rw-p 00000000 00:00 0 
7f6b5526c000-7f6b5526d000 ---p 00000000 00:00 0 
7f6b5526d000-7f6b5536d000 rw-p 00000000 00:00 0 
7f6b5536d000-7f6b5536e000 ---p 00000000 00:00 0 
7f6b5536e000-7f6b5546e000 rw-p 00000000 00:00 0 
7f6b5546e000-7f6b5546f000 ---p 00000000 00:00 0 
7f6b5546f000-7f6b5556f000 rw-p 00000000 00:00 0 
7f6b5556f000-7f6b55570000 ---p 00000000 00:00 0 
7f6b55570000-7f6b5569d000 rw-p 00000000 00:00 0 
7f6b5569d000-7f6b557c6000 ---p 00000000 00:00 0 
7f6b557c6000-7f6b557f3000 rw-p 00000000 00:00 0 
7f6b557f3000-7f6b5591b000 ---p 00000000 00:00 0 
7f6b5591b000-7f6b55973000 rw-p 00000000 00:00 0 
7f6b55973000-7f6b559c6000 ---p 00000000 00:00 0 
7f6b559c6000-7f6b55a43000 rw-p 00000000 00:00 0 
7f6b55a43000-7f6b55d87000 ---p 00000000 00:00 0 
7f6b55d87000-7f6b55da1000 r-xp 00000000 08:07 793104                     /home/karim/Downloads/android-studio/jre/jre/lib/amd64/libzip.so
7f6b55da1000-7f6b55fa0000 ---p 0001a000 08:07 793104                     /home/karim/Downloads/android-studio/jre/jre/lib/amd64/libzip.so
7f6b55fa0000-7f6b55fa1000 r--p 00019000 08:07 793104                     /home/karim/Downloads/android-studio/jre/jre/lib/amd64/libzip.so
7f6b55fa1000-7f6b55fa2000 rw-p 0001a000 08:07 793104                     /home/karim/Downloads/android-studio/jre/jre/lib/amd64/libzip.so
7f6b55fa2000-7f6b55fad000 r-xp 00000000 08:07 923400                     /lib/x86_64-linux-gnu/libnss_files-2.27.so
7f6b55fad000-7f6b561ac000 ---p 0000b000 08:07 923400                     /lib/x86_64-linux-gnu/libnss_files-2.27.so
7f6b561ac000-7f6b561ad000 r--p 0000a000 08:07 923400                     /lib/x86_64-linux-gnu/libnss_files-2.27.so
7f6b561ad000-7f6b561ae000 rw-p 0000b000 08:07 923400                     /lib/x86_64-linux-gnu/libnss_files-2.27.so
7f6b561ae000-7f6b561b4000 rw-p 00000000 00:00 0 
7f6b561b4000-7f6b561cb000 r-xp 00000000 08:07 923394                     /lib/x86_64-linux-gnu/libnsl-2.27.so
7f6b561cb000-7f6b563ca000 ---p 00017000 08:07 923394                     /lib/x86_64-linux-gnu/libnsl-2.27.so
7f6b563ca000-7f6b563cb000 r--p 00016000 08:07 923394                     /lib/x86_64-linux-gnu/libnsl-2.27.so
7f6b563cb000-7f6b563cc000 rw-p 00017000 08:07 923394                     /lib/x86_64-linux-gnu/libnsl-2.27.so
7f6b563cc000-7f6b563ce000 rw-p 00000000 00:00 0 
7f6b563ce000-7f6b563d9000 r-xp 00000000 08:07 923411                     /lib/x86_64-linux-gnu/libnss_nis-2.27.so
7f6b563d9000-7f6b565d8000 ---p 0000b000 08:07 923411                     /lib/x86_64-linux-gnu/libnss_nis-2.27.so
7f6b565d8000-7f6b565d9000 r--p 0000a000 08:07 923411                     /lib/x86_64-linux-gnu/libnss_nis-2.27.so
7f6b565d9000-7f6b565da000 rw-p 0000b000 08:07 923411                     /lib/x86_64-linux-gnu/libnss_nis-2.27.so
7f6b565da000-7f6b565e2000 r-xp 00000000 08:07 923396                     /lib/x86_64-linux-gnu/libnss_compat-2.27.so
7f6b565e2000-7f6b567e2000 ---p 00008000 08:07 923396                     /lib/x86_64-linux-gnu/libnss_compat-2.27.so
7f6b567e2000-7f6b567e3000 r--p 00008000 08:07 923396                     /lib/x86_64-linux-gnu/libnss_compat-2.27.so
7f6b567e3000-7f6b567e4000 rw-p 00009000 08:07 923396                     /lib/x86_64-linux-gnu/libnss_compat-2.27.so
7f6b567e4000-7f6b56811000 r-xp 00000000 08:07 793103                     /home/karim/Downloads/android-studio/jre/jre/lib/amd64/libjava.so
7f6b56811000-7f6b56a10000 ---p 0002d000 08:07 793103                     /home/karim/Downloads/android-studio/jre/jre/lib/amd64/libjava.so
7f6b56a10000-7f6b56a11000 r--p 0002c000 08:07 793103                     /home/karim/Downloads/android-studio/jre/jre/lib/amd64/libjava.so
7f6b56a11000-7f6b56a13000 rw-p 0002d000 08:07 793103                     /home/karim/Downloads/android-studio/jre/jre/lib/amd64/libjava.so
7f6b56a13000-7f6b56a24000 r-xp 00000000 08:07 793085                     /home/karim/Downloads/android-studio/jre/jre/lib/amd64/libverify.so
7f6b56a24000-7f6b56c23000 ---p 00011000 08:07 793085                     /home/karim/Downloads/android-studio/jre/jre/lib/amd64/libverify.so
7f6b56c23000-7f6b56c25000 r--p 00010000 08:07 793085                     /home/karim/Downloads/android-studio/jre/jre/lib/amd64/libverify.so
7f6b56c25000-7f6b56c26000 rw-p 00012000 08:07 793085                     /home/karim/Downloads/android-studio/jre/jre/lib/amd64/libverify.so
7f6b56c26000-7f6b56c2d000 r-xp 00000000 08:07 923451                     /lib/x86_64-linux-gnu/librt-2.27.so
7f6b56c2d000-7f6b56e2c000 ---p 00007000 08:07 923451                     /lib/x86_64-linux-gnu/librt-2.27.so
7f6b56e2c000-7f6b56e2d000 r--p 00006000 08:07 923451                     /lib/x86_64-linux-gnu/librt-2.27.so
7f6b56e2d000-7f6b56e2e000 rw-p 00007000 08:07 923451                     /lib/x86_64-linux-gnu/librt-2.27.so
7f6b56e2e000-7f6b56fcb000 r-xp 00000000 08:07 923373                     /lib/x86_64-linux-gnu/libm-2.27.so
7f6b56fcb000-7f6b571ca000 ---p 0019d000 08:07 923373                     /lib/x86_64-linux-gnu/libm-2.27.so
7f6b571ca000-7f6b571cb000 r--p 0019c000 08:07 923373                     /lib/x86_64-linux-gnu/libm-2.27.so
7f6b571cb000-7f6b571cc000 rw-p 0019d000 08:07 923373                     /lib/x86_64-linux-gnu/libm-2.27.so
7f6b571cc000-7f6b57e38000 r-xp 00000000 08:07 793078                     /home/karim/Downloads/android-studio/jre/jre/lib/amd64/server/libjvm.so
7f6b57e38000-7f6b58038000 ---p 00c6c000 08:07 793078                     /home/karim/Downloads/android-studio/jre/jre/lib/amd64/server/libjvm.so
7f6b58038000-7f6b580cc000 r--p 00c6c000 08:07 793078                     /home/karim/Downloads/android-studio/jre/jre/lib/amd64/server/libjvm.so
7f6b580cc000-7f6b580f4000 rw-p 00d00000 08:07 793078                     /home/karim/Downloads/android-studio/jre/jre/lib/amd64/server/libjvm.so
7f6b580f4000-7f6b58125000 rw-p 00000000 00:00 0 
7f6b58125000-7f6b5830c000 r-xp 00000000 08:07 923310                     /lib/x86_64-linux-gnu/libc-2.27.so
7f6b5830c000-7f6b5850c000 ---p 001e7000 08:07 923310                     /lib/x86_64-linux-gnu/libc-2.27.so
7f6b5850c000-7f6b58510000 r--p 001e7000 08:07 923310                     /lib/x86_64-linux-gnu/libc-2.27.so
7f6b58510000-7f6b58512000 rw-p 001eb000 08:07 923310                     /lib/x86_64-linux-gnu/libc-2.27.so
7f6b58512000-7f6b58516000 rw-p 00000000 00:00 0 
7f6b58516000-7f6b58519000 r-xp 00000000 08:07 923333                     /lib/x86_64-linux-gnu/libdl-2.27.so
7f6b58519000-7f6b58718000 ---p 00003000 08:07 923333                     /lib/x86_64-linux-gnu/libdl-2.27.so
7f6b58718000-7f6b58719000 r--p 00002000 08:07 923333                     /lib/x86_64-linux-gnu/libdl-2.27.so
7f6b58719000-7f6b5871a000 rw-p 00003000 08:07 923333                     /lib/x86_64-linux-gnu/libdl-2.27.so
7f6b5871a000-7f6b58730000 r-xp 00000000 08:07 793168                     /home/karim/Downloads/android-studio/jre/lib/amd64/jli/libjli.so
7f6b58730000-7f6b58930000 ---p 00016000 08:07 793168                     /home/karim/Downloads/android-studio/jre/lib/amd64/jli/libjli.so
7f6b58930000-7f6b58931000 r--p 00016000 08:07 793168                     /home/karim/Downloads/android-studio/jre/lib/amd64/jli/libjli.so
7f6b58931000-7f6b58932000 rw-p 00017000 08:07 793168                     /home/karim/Downloads/android-studio/jre/lib/amd64/jli/libjli.so
7f6b58932000-7f6b5894c000 r-xp 00000000 08:07 923443                     /lib/x86_64-linux-gnu/libpthread-2.27.so
7f6b5894c000-7f6b58b4b000 ---p 0001a000 08:07 923443                     /lib/x86_64-linux-gnu/libpthread-2.27.so
7f6b58b4b000-7f6b58b4c000 r--p 00019000 08:07 923443                     /lib/x86_64-linux-gnu/libpthread-2.27.so
7f6b58b4c000-7f6b58b4d000 rw-p 0001a000 08:07 923443                     /lib/x86_64-linux-gnu/libpthread-2.27.so
7f6b58b4d000-7f6b58b51000 rw-p 00000000 00:00 0 
7f6b58b51000-7f6b58b78000 r-xp 00000000 08:07 923282                     /lib/x86_64-linux-gnu/ld-2.27.so
7f6b58b78000-7f6b58c5d000 rw-p 00000000 00:00 0 
7f6b58c5d000-7f6b58c5e000 ---p 00000000 00:00 0 
7f6b58c5e000-7f6b58c61000 ---p 00000000 00:00 0 
7f6b58c61000-7f6b58d62000 rw-p 00000000 00:00 0 
7f6b58d62000-7f6b58d6e000 r--s 0005c000 08:07 1321954                    /home/karim/.gradle/wrapper/dists/gradle-4.1-all/bzyivzo6n839fup2jbap0tjew/gradle-4.1/lib/gradle-launcher-4.1.jar
7f6b58d6e000-7f6b58d76000 rw-s 00000000 08:07 918103                     /tmp/hsperfdata_karim/25721
7f6b58d76000-7f6b58d77000 rw-p 00000000 00:00 0 
7f6b58d77000-7f6b58d78000 ---p 00000000 00:00 0 
7f6b58d78000-7f6b58d79000 r--p 00027000 08:07 923282                     /lib/x86_64-linux-gnu/ld-2.27.so
7f6b58d79000-7f6b58d7a000 rw-p 00028000 08:07 923282                     /lib/x86_64-linux-gnu/ld-2.27.so
7f6b58d7a000-7f6b58d7b000 rw-p 00000000 00:00 0 
7ffd8288d000-7ffd828ae000 rw-p 00000000 00:00 0                          [stack]
7ffd828f8000-7ffd828fb000 r--p 00000000 00:00 0                          [vvar]
7ffd828fb000-7ffd828fd000 r-xp 00000000 00:00 0                          [vdso]
ffffffffff600000-ffffffffff601000 r-xp 00000000 00:00 0                  [vsyscall]

VM Arguments:
jvm_args: -XX:+HeapDumpOnOutOfMemoryError -Xmx1024m -Dfile.encoding=UTF-8 -Duser.country=US -Duser.language=en -Duser.variant 
java_command: org.gradle.launcher.daemon.bootstrap.GradleDaemon 4.1
java_class_path (initial): /home/karim/.gradle/wrapper/dists/gradle-4.1-all/bzyivzo6n839fup2jbap0tjew/gradle-4.1/lib/gradle-launcher-4.1.jar
Launcher Type: SUN_STANDARD

Environment Variables:
PATH=/usr/local/sbin:/usr/local/bin:/usr/sbin:/usr/bin:/sbin:/bin:/usr/games:/usr/local/games:/snap/bin
USERNAME=karim
SHELL=/bin/bash
DISPLAY=:0

Signal Handlers:
SIGSEGV: [libjvm.so+0xa71670], sa_mask[0]=11111111011111111101111111111110, sa_flags=SA_RESTART|SA_SIGINFO
SIGBUS: [libjvm.so+0xa71670], sa_mask[0]=11111111011111111101111111111110, sa_flags=SA_RESTART|SA_SIGINFO
SIGFPE: [libjvm.so+0x8b1780], sa_mask[0]=11111111011111111101111111111110, sa_flags=SA_RESTART|SA_SIGINFO
SIGPIPE: [libjvm.so+0x8b1780], sa_mask[0]=11111111011111111101111111111110, sa_flags=SA_RESTART|SA_SIGINFO
SIGXFSZ: [libjvm.so+0x8b1780], sa_mask[0]=11111111011111111101111111111110, sa_flags=SA_RESTART|SA_SIGINFO
SIGILL: [libjvm.so+0x8b1780], sa_mask[0]=11111111011111111101111111111110, sa_flags=SA_RESTART|SA_SIGINFO
SIGUSR1: SIG_DFL, sa_mask[0]=00000000000000000000000000000000, sa_flags=none
SIGUSR2: [libjvm.so+0x8b1650], sa_mask[0]=00100000000000000000000000000000, sa_flags=SA_RESTART|SA_SIGINFO
SIGHUP: [libjvm.so+0x8b1ab0], sa_mask[0]=11111111011111111101111111111110, sa_flags=SA_RESTART|SA_SIGINFO
SIGINT: [libjvm.so+0x8b1ab0], sa_mask[0]=11111111011111111101111111111110, sa_flags=SA_RESTART|SA_SIGINFO
SIGTERM: [libjvm.so+0x8b1ab0], sa_mask[0]=11111111011111111101111111111110, sa_flags=SA_RESTART|SA_SIGINFO
SIGQUIT: [libjvm.so+0x8b1ab0], sa_mask[0]=11111111011111111101111111111110, sa_flags=SA_RESTART|SA_SIGINFO


---------------  S Y S T E M  ---------------

OS:DISTRIB_ID=Ubuntu
DISTRIB_RELEAS